[11/03/2026, 01:24:33 am] Invalid or expired OTP
Error: Invalid or expired OTP
    at file:///E:/00WebDev/Fork/Tiffin_CRM_app/server/controllers/auth.controller.js:260:11
    at process.processTicksAndRejections (node:internal/process/task_queues:103:5)
    at async file:///E:/00WebDev/Fork/Tiffin_CRM_app/server/utils/asyncHandler.js:7:7

[11/03/2026, 01:24:37 am] Invalid or expired OTP
Error: Invalid or expired OTP
    at file:///E:/00WebDev/Fork/Tiffin_CRM_app/server/controllers/auth.controller.js:260:11
    at process.processTicksAndRejections (node:internal/process/task_queues:103:5)
    at async file:///E:/00WebDev/Fork/Tiffin_CRM_app/server/utils/asyncHandler.js:7:7

[12/03/2026, 01:15:04 pm] Invalid or expired token
Error: Invalid or expired token
    at authMiddleware (file:///E:/00WebDev/Fork/Tiffin_CRM_app/server/middleware/auth.middleware.js:35:10)
    at Layer.handleRequest (E:\00WebDev\Fork\Tiffin_CRM_app\server\node_modules\router\lib\layer.js:152:17)
    at trimPrefix (E:\00WebDev\Fork\Tiffin_CRM_app\server\node_modules\router\index.js:342:13)
    at E:\00WebDev\Fork\Tiffin_CRM_app\server\node_modules\router\index.js:297:9
    at processParams (E:\00WebDev\Fork\Tiffin_CRM_app\server\node_modules\router\index.js:582:12)
    at next (E:\00WebDev\Fork\Tiffin_CRM_app\server\node_modules\router\index.js:291:5)
    at router.handle (E:\00WebDev\Fork\Tiffin_CRM_app\server\node_modules\router\index.js:186:3)
    at router (E:\00WebDev\Fork\Tiffin_CRM_app\server\node_modules\router\index.js:60:12)
    at Layer.handleRequest (E:\00WebDev\Fork\Tiffin_CRM_app\server\node_modules\router\lib\layer.js:152:17)
    at trimPrefix (E:\00WebDev\Fork\Tiffin_CRM_app\server\node_modules\router\index.js:342:13)

[12/03/2026, 01:17:28 pm] Invalid or expired token
Error: Invalid or expired token
    at authMiddleware (file:///E:/00WebDev/Fork/Tiffin_CRM_app/server/middleware/auth.middleware.js:35:10)
    at Layer.handleRequest (E:\00WebDev\Fork\Tiffin_CRM_app\server\node_modules\router\lib\layer.js:152:17)
    at trimPrefix (E:\00WebDev\Fork\Tiffin_CRM_app\server\node_modules\router\index.js:342:13)
    at E:\00WebDev\Fork\Tiffin_CRM_app\server\node_modules\router\index.js:297:9
    at processParams (E:\00WebDev\Fork\Tiffin_CRM_app\server\node_modules\router\index.js:582:12)
    at next (E:\00WebDev\Fork\Tiffin_CRM_app\server\node_modules\router\index.js:291:5)
    at router.handle (E:\00WebDev\Fork\Tiffin_CRM_app\server\node_modules\router\index.js:186:3)
    at router (E:\00WebDev\Fork\Tiffin_CRM_app\server\node_modules\router\index.js:60:12)
    at Layer.handleRequest (E:\00WebDev\Fork\Tiffin_CRM_app\server\node_modules\router\lib\layer.js:152:17)
    at trimPrefix (E:\00WebDev\Fork\Tiffin_CRM_app\server\node_modules\router\index.js:342:13)

[12/03/2026, 01:17:56 pm] Invalid or expired token
Error: Invalid or expired token
    at authMiddleware (file:///E:/00WebDev/Fork/Tiffin_CRM_app/server/middleware/auth.middleware.js:35:10)
    at Layer.handleRequest (E:\00WebDev\Fork\Tiffin_CRM_app\server\node_modules\router\lib\layer.js:152:17)
    at trimPrefix (E:\00WebDev\Fork\Tiffin_CRM_app\server\node_modules\router\index.js:342:13)
    at E:\00WebDev\Fork\Tiffin_CRM_app\server\node_modules\router\index.js:297:9
    at processParams (E:\00WebDev\Fork\Tiffin_CRM_app\server\node_modules\router\index.js:582:12)
    at next (E:\00WebDev\Fork\Tiffin_CRM_app\server\node_modules\router\index.js:291:5)
    at router.handle (E:\00WebDev\Fork\Tiffin_CRM_app\server\node_modules\router\index.js:186:3)
    at router (E:\00WebDev\Fork\Tiffin_CRM_app\server\node_modules\router\index.js:60:12)
    at Layer.handleRequest (E:\00WebDev\Fork\Tiffin_CRM_app\server\node_modules\router\lib\layer.js:152:17)
    at trimPrefix (E:\00WebDev\Fork\Tiffin_CRM_app\server\node_modules\router\index.js:342:13)

[12/03/2026, 01:19:37 pm] Invalid or expired token
Error: Invalid or expired token
    at authMiddleware (file:///E:/00WebDev/Fork/Tiffin_CRM_app/server/middleware/auth.middleware.js:35:10)
    at Layer.handleRequest (E:\00WebDev\Fork\Tiffin_CRM_app\server\node_modules\router\lib\layer.js:152:17)
    at trimPrefix (E:\00WebDev\Fork\Tiffin_CRM_app\server\node_modules\router\index.js:342:13)
    at E:\00WebDev\Fork\Tiffin_CRM_app\server\node_modules\router\index.js:297:9
    at processParams (E:\00WebDev\Fork\Tiffin_CRM_app\server\node_modules\router\index.js:582:12)
    at next (E:\00WebDev\Fork\Tiffin_CRM_app\server\node_modules\router\index.js:291:5)
    at router.handle (E:\00WebDev\Fork\Tiffin_CRM_app\server\node_modules\router\index.js:186:3)
    at router (E:\00WebDev\Fork\Tiffin_CRM_app\server\node_modules\router\index.js:60:12)
    at Layer.handleRequest (E:\00WebDev\Fork\Tiffin_CRM_app\server\node_modules\router\lib\layer.js:152:17)
    at trimPrefix (E:\00WebDev\Fork\Tiffin_CRM_app\server\node_modules\router\index.js:342:13)

[12/03/2026, 01:19:43 pm] Invalid or expired token
Error: Invalid or expired token
    at authMiddleware (file:///E:/00WebDev/Fork/Tiffin_CRM_app/server/middleware/auth.middleware.js:35:10)
    at Layer.handleRequest (E:\00WebDev\Fork\Tiffin_CRM_app\server\node_modules\router\lib\layer.js:152:17)
    at trimPrefix (E:\00WebDev\Fork\Tiffin_CRM_app\server\node_modules\router\index.js:342:13)
    at E:\00WebDev\Fork\Tiffin_CRM_app\server\node_modules\router\index.js:297:9
    at processParams (E:\00WebDev\Fork\Tiffin_CRM_app\server\node_modules\router\index.js:582:12)
    at next (E:\00WebDev\Fork\Tiffin_CRM_app\server\node_modules\router\index.js:291:5)
    at router.handle (E:\00WebDev\Fork\Tiffin_CRM_app\server\node_modules\router\index.js:186:3)
    at router (E:\00WebDev\Fork\Tiffin_CRM_app\server\node_modules\router\index.js:60:12)
    at Layer.handleRequest (E:\00WebDev\Fork\Tiffin_CRM_app\server\node_modules\router\lib\layer.js:152:17)
    at trimPrefix (E:\00WebDev\Fork\Tiffin_CRM_app\server\node_modules\router\index.js:342:13)

[12/03/2026, 01:21:55 pm] Invalid or expired token
Error: Invalid or expired token
    at authMiddleware (file:///E:/00WebDev/Fork/Tiffin_CRM_app/server/middleware/auth.middleware.js:35:10)
    at Layer.handleRequest (E:\00WebDev\Fork\Tiffin_CRM_app\server\node_modules\router\lib\layer.js:152:17)
    at trimPrefix (E:\00WebDev\Fork\Tiffin_CRM_app\server\node_modules\router\index.js:342:13)
    at E:\00WebDev\Fork\Tiffin_CRM_app\server\node_modules\router\index.js:297:9
    at processParams (E:\00WebDev\Fork\Tiffin_CRM_app\server\node_modules\router\index.js:582:12)
    at next (E:\00WebDev\Fork\Tiffin_CRM_app\server\node_modules\router\index.js:291:5)
    at router.handle (E:\00WebDev\Fork\Tiffin_CRM_app\server\node_modules\router\index.js:186:3)
    at router (E:\00WebDev\Fork\Tiffin_CRM_app\server\node_modules\router\index.js:60:12)
    at Layer.handleRequest (E:\00WebDev\Fork\Tiffin_CRM_app\server\node_modules\router\lib\layer.js:152:17)
    at trimPrefix (E:\00WebDev\Fork\Tiffin_CRM_app\server\node_modules\router\index.js:342:13)

[12/03/2026, 01:22:10 pm] Invalid or expired token
Error: Invalid or expired token
    at authMiddleware (file:///E:/00WebDev/Fork/Tiffin_CRM_app/server/middleware/auth.middleware.js:35:10)
    at Layer.handleRequest (E:\00WebDev\Fork\Tiffin_CRM_app\server\node_modules\router\lib\layer.js:152:17)
    at trimPrefix (E:\00WebDev\Fork\Tiffin_CRM_app\server\node_modules\router\index.js:342:13)
    at E:\00WebDev\Fork\Tiffin_CRM_app\server\node_modules\router\index.js:297:9
    at processParams (E:\00WebDev\Fork\Tiffin_CRM_app\server\node_modules\router\index.js:582:12)
    at next (E:\00WebDev\Fork\Tiffin_CRM_app\server\node_modules\router\index.js:291:5)
    at router.handle (E:\00WebDev\Fork\Tiffin_CRM_app\server\node_modules\router\index.js:186:3)
    at router (E:\00WebDev\Fork\Tiffin_CRM_app\server\node_modules\router\index.js:60:12)
    at Layer.handleRequest (E:\00WebDev\Fork\Tiffin_CRM_app\server\node_modules\router\lib\layer.js:152:17)
    at trimPrefix (E:\00WebDev\Fork\Tiffin_CRM_app\server\node_modules\router\index.js:342:13)

[12/03/2026, 01:23:46 pm] "mealSlots[0].items[0].itemId" must only contain hexadecimal characters; Invalid item ID format; "mealSlots[0].items[1].itemId" must only contain hexadecimal characters; Invalid item ID format; "mealSlots[0].items[2].itemId" must only contain hexadecimal characters; Invalid item ID format
Error: "mealSlots[0].items[0].itemId" must only contain hexadecimal characters; Invalid item ID format; "mealSlots[0].items[1].itemId" must only contain hexadecimal characters; Invalid item ID format; "mealSlots[0].items[2].itemId" must only contain hexadecimal characters; Invalid item ID format
    at file:///E:/00WebDev/Fork/Tiffin_CRM_app/server/controllers/plan.controller.js:177:11
    at file:///E:/00WebDev/Fork/Tiffin_CRM_app/server/utils/asyncHandler.js:7:13
    at Layer.handleRequest (E:\00WebDev\Fork\Tiffin_CRM_app\server\node_modules\router\lib\layer.js:152:17)
    at next (E:\00WebDev\Fork\Tiffin_CRM_app\server\node_modules\router\lib\route.js:157:13)
    at Route.dispatch (E:\00WebDev\Fork\Tiffin_CRM_app\server\node_modules\router\lib\route.js:117:3)
    at handle (E:\00WebDev\Fork\Tiffin_CRM_app\server\node_modules\router\index.js:435:11)
    at Layer.handleRequest (E:\00WebDev\Fork\Tiffin_CRM_app\server\node_modules\router\lib\layer.js:152:17)
    at E:\00WebDev\Fork\Tiffin_CRM_app\server\node_modules\router\index.js:295:15
    at processParams (E:\00WebDev\Fork\Tiffin_CRM_app\server\node_modules\router\index.js:582:12)
    at next (E:\00WebDev\Fork\Tiffin_CRM_app\server\node_modules\router\index.js:291:5)

[12/03/2026, 01:26:15 pm] next is not a function
TypeError: next is not a function
    at model.<anonymous> (file:///E:/00WebDev/Fork/Tiffin_CRM_app/server/models/Plan.model.js:96:3)
    at Kareem.execPre (E:\00WebDev\Fork\Tiffin_CRM_app\server\node_modules\kareem\index.js:68:39)
    at process.processTicksAndRejections (node:internal/process/task_queues:103:5)
    at async model.$__save (E:\00WebDev\Fork\Tiffin_CRM_app\server\node_modules\mongoose\lib\model.js:376:5)
    at async model.save (E:\00WebDev\Fork\Tiffin_CRM_app\server\node_modules\mongoose\lib\model.js:642:5)
    at async E:\00WebDev\Fork\Tiffin_CRM_app\server\node_modules\mongoose\lib\model.js:2778:9
    at async Promise.all (index 0)
    at async model.create (E:\00WebDev\Fork\Tiffin_CRM_app\server\node_modules\mongoose\lib\model.js:2763:11)
    at async file:///E:/00WebDev/Fork/Tiffin_CRM_app/server/controllers/plan.controller.js:192:16
    at async file:///E:/00WebDev/Fork/Tiffin_CRM_app/server/utils/asyncHandler.js:7:7

[12/03/2026, 01:30:47 pm] Invalid or expired token
Error: Invalid or expired token
    at authMiddleware (file:///E:/00WebDev/Fork/Tiffin_CRM_app/server/middleware/auth.middleware.js:35:10)
    at Layer.handleRequest (E:\00WebDev\Fork\Tiffin_CRM_app\server\node_modules\router\lib\layer.js:152:17)
    at trimPrefix (E:\00WebDev\Fork\Tiffin_CRM_app\server\node_modules\router\index.js:342:13)
    at E:\00WebDev\Fork\Tiffin_CRM_app\server\node_modules\router\index.js:297:9
    at processParams (E:\00WebDev\Fork\Tiffin_CRM_app\server\node_modules\router\index.js:582:12)
    at next (E:\00WebDev\Fork\Tiffin_CRM_app\server\node_modules\router\index.js:291:5)
    at router.handle (E:\00WebDev\Fork\Tiffin_CRM_app\server\node_modules\router\index.js:186:3)
    at router (E:\00WebDev\Fork\Tiffin_CRM_app\server\node_modules\router\index.js:60:12)
    at Layer.handleRequest (E:\00WebDev\Fork\Tiffin_CRM_app\server\node_modules\router\lib\layer.js:152:17)
    at trimPrefix (E:\00WebDev\Fork\Tiffin_CRM_app\server\node_modules\router\index.js:342:13)

[12/03/2026, 01:31:38 pm] Invalid or expired token
Error: Invalid or expired token
    at authMiddleware (file:///E:/00WebDev/Fork/Tiffin_CRM_app/server/middleware/auth.middleware.js:35:10)
    at Layer.handleRequest (E:\00WebDev\Fork\Tiffin_CRM_app\server\node_modules\router\lib\layer.js:152:17)
    at trimPrefix (E:\00WebDev\Fork\Tiffin_CRM_app\server\node_modules\router\index.js:342:13)
    at E:\00WebDev\Fork\Tiffin_CRM_app\server\node_modules\router\index.js:297:9
    at processParams (E:\00WebDev\Fork\Tiffin_CRM_app\server\node_modules\router\index.js:582:12)
    at next (E:\00WebDev\Fork\Tiffin_CRM_app\server\node_modules\router\index.js:291:5)
    at router.handle (E:\00WebDev\Fork\Tiffin_CRM_app\server\node_modules\router\index.js:186:3)
    at router (E:\00WebDev\Fork\Tiffin_CRM_app\server\node_modules\router\index.js:60:12)
    at Layer.handleRequest (E:\00WebDev\Fork\Tiffin_CRM_app\server\node_modules\router\lib\layer.js:152:17)
    at trimPrefix (E:\00WebDev\Fork\Tiffin_CRM_app\server\node_modules\router\index.js:342:13)

[12/03/2026, 01:43:28 pm] Invalid or expired token
Error: Invalid or expired token
    at authMiddleware (file:///E:/00WebDev/Fork/Tiffin_CRM_app/server/middleware/auth.middleware.js:35:10)
    at Layer.handleRequest (E:\00WebDev\Fork\Tiffin_CRM_app\server\node_modules\router\lib\layer.js:152:17)
    at trimPrefix (E:\00WebDev\Fork\Tiffin_CRM_app\server\node_modules\router\index.js:342:13)
    at E:\00WebDev\Fork\Tiffin_CRM_app\server\node_modules\router\index.js:297:9
    at processParams (E:\00WebDev\Fork\Tiffin_CRM_app\server\node_modules\router\index.js:582:12)
    at next (E:\00WebDev\Fork\Tiffin_CRM_app\server\node_modules\router\index.js:291:5)
    at router.handle (E:\00WebDev\Fork\Tiffin_CRM_app\server\node_modules\router\index.js:186:3)
    at router (E:\00WebDev\Fork\Tiffin_CRM_app\server\node_modules\router\index.js:60:12)
    at Layer.handleRequest (E:\00WebDev\Fork\Tiffin_CRM_app\server\node_modules\router\lib\layer.js:152:17)
    at trimPrefix (E:\00WebDev\Fork\Tiffin_CRM_app\server\node_modules\router\index.js:342:13)

[12/03/2026, 01:44:46 pm] Invalid or expired token
Error: Invalid or expired token
    at authMiddleware (file:///E:/00WebDev/Fork/Tiffin_CRM_app/server/middleware/auth.middleware.js:35:10)
    at Layer.handleRequest (E:\00WebDev\Fork\Tiffin_CRM_app\server\node_modules\router\lib\layer.js:152:17)
    at trimPrefix (E:\00WebDev\Fork\Tiffin_CRM_app\server\node_modules\router\index.js:342:13)
    at E:\00WebDev\Fork\Tiffin_CRM_app\server\node_modules\router\index.js:297:9
    at processParams (E:\00WebDev\Fork\Tiffin_CRM_app\server\node_modules\router\index.js:582:12)
    at next (E:\00WebDev\Fork\Tiffin_CRM_app\server\node_modules\router\index.js:291:5)
    at router.handle (E:\00WebDev\Fork\Tiffin_CRM_app\server\node_modules\router\index.js:186:3)
    at router (E:\00WebDev\Fork\Tiffin_CRM_app\server\node_modules\router\index.js:60:12)
    at Layer.handleRequest (E:\00WebDev\Fork\Tiffin_CRM_app\server\node_modules\router\lib\layer.js:152:17)
    at trimPrefix (E:\00WebDev\Fork\Tiffin_CRM_app\server\node_modules\router\index.js:342:13)

[12/03/2026, 01:44:46 pm] Invalid or expired token
Error: Invalid or expired token
    at authMiddleware (file:///E:/00WebDev/Fork/Tiffin_CRM_app/server/middleware/auth.middleware.js:35:10)
    at Layer.handleRequest (E:\00WebDev\Fork\Tiffin_CRM_app\server\node_modules\router\lib\layer.js:152:17)
    at trimPrefix (E:\00WebDev\Fork\Tiffin_CRM_app\server\node_modules\router\index.js:342:13)
    at E:\00WebDev\Fork\Tiffin_CRM_app\server\node_modules\router\index.js:297:9
    at processParams (E:\00WebDev\Fork\Tiffin_CRM_app\server\node_modules\router\index.js:582:12)
    at next (E:\00WebDev\Fork\Tiffin_CRM_app\server\node_modules\router\index.js:291:5)
    at router.handle (E:\00WebDev\Fork\Tiffin_CRM_app\server\node_modules\router\index.js:186:3)
    at router (E:\00WebDev\Fork\Tiffin_CRM_app\server\node_modules\router\index.js:60:12)
    at Layer.handleRequest (E:\00WebDev\Fork\Tiffin_CRM_app\server\node_modules\router\lib\layer.js:152:17)
    at trimPrefix (E:\00WebDev\Fork\Tiffin_CRM_app\server\node_modules\router\index.js:342:13)

[12/03/2026, 01:44:57 pm] "amount" is required
Error: "amount" is required
    at file:///E:/00WebDev/Fork/Tiffin_CRM_app/server/controllers/customer.controller.js:380:11
    at file:///E:/00WebDev/Fork/Tiffin_CRM_app/server/utils/asyncHandler.js:7:13
    at Layer.handleRequest (E:\00WebDev\Fork\Tiffin_CRM_app\server\node_modules\router\lib\layer.js:152:17)
    at next (E:\00WebDev\Fork\Tiffin_CRM_app\server\node_modules\router\lib\route.js:157:13)
    at Route.dispatch (E:\00WebDev\Fork\Tiffin_CRM_app\server\node_modules\router\lib\route.js:117:3)
    at handle (E:\00WebDev\Fork\Tiffin_CRM_app\server\node_modules\router\index.js:435:11)
    at Layer.handleRequest (E:\00WebDev\Fork\Tiffin_CRM_app\server\node_modules\router\lib\layer.js:152:17)
    at E:\00WebDev\Fork\Tiffin_CRM_app\server\node_modules\router\index.js:295:15
    at param (E:\00WebDev\Fork\Tiffin_CRM_app\server\node_modules\router\index.js:600:14)
    at param (E:\00WebDev\Fork\Tiffin_CRM_app\server\node_modules\router\index.js:610:14)

[13/03/2026, 12:47:05 am] Invalid or expired token
Error: Invalid or expired token
    at authMiddleware (file:///E:/00WebDev/Fork/Tiffin_CRM_app/server/middleware/auth.middleware.js:38:10)
    at Layer.handleRequest (E:\00WebDev\Fork\Tiffin_CRM_app\server\node_modules\router\lib\layer.js:152:17)
    at next (E:\00WebDev\Fork\Tiffin_CRM_app\server\node_modules\router\lib\route.js:157:13)
    at Route.dispatch (E:\00WebDev\Fork\Tiffin_CRM_app\server\node_modules\router\lib\route.js:117:3)
    at handle (E:\00WebDev\Fork\Tiffin_CRM_app\server\node_modules\router\index.js:435:11)
    at Layer.handleRequest (E:\00WebDev\Fork\Tiffin_CRM_app\server\node_modules\router\lib\layer.js:152:17)
    at E:\00WebDev\Fork\Tiffin_CRM_app\server\node_modules\router\index.js:295:15
    at processParams (E:\00WebDev\Fork\Tiffin_CRM_app\server\node_modules\router\index.js:582:12)
    at next (E:\00WebDev\Fork\Tiffin_CRM_app\server\node_modules\router\index.js:291:5)
    at router.handle (E:\00WebDev\Fork\Tiffin_CRM_app\server\node_modules\router\index.js:186:3)

[13/03/2026, 12:47:17 am] Invalid or expired token
Error: Invalid or expired token
    at authMiddleware (file:///E:/00WebDev/Fork/Tiffin_CRM_app/server/middleware/auth.middleware.js:38:10)
    at Layer.handleRequest (E:\00WebDev\Fork\Tiffin_CRM_app\server\node_modules\router\lib\layer.js:152:17)
    at next (E:\00WebDev\Fork\Tiffin_CRM_app\server\node_modules\router\lib\route.js:157:13)
    at Route.dispatch (E:\00WebDev\Fork\Tiffin_CRM_app\server\node_modules\router\lib\route.js:117:3)
    at handle (E:\00WebDev\Fork\Tiffin_CRM_app\server\node_modules\router\index.js:435:11)
    at Layer.handleRequest (E:\00WebDev\Fork\Tiffin_CRM_app\server\node_modules\router\lib\layer.js:152:17)
    at E:\00WebDev\Fork\Tiffin_CRM_app\server\node_modules\router\index.js:295:15
    at processParams (E:\00WebDev\Fork\Tiffin_CRM_app\server\node_modules\router\index.js:582:12)
    at next (E:\00WebDev\Fork\Tiffin_CRM_app\server\node_modules\router\index.js:291:5)
    at router.handle (E:\00WebDev\Fork\Tiffin_CRM_app\server\node_modules\router\index.js:186:3)

[13/03/2026, 12:47:19 am] Invalid or expired token
Error: Invalid or expired token
    at authMiddleware (file:///E:/00WebDev/Fork/Tiffin_CRM_app/server/middleware/auth.middleware.js:38:10)
    at Layer.handleRequest (E:\00WebDev\Fork\Tiffin_CRM_app\server\node_modules\router\lib\layer.js:152:17)
    at next (E:\00WebDev\Fork\Tiffin_CRM_app\server\node_modules\router\lib\route.js:157:13)
    at Route.dispatch (E:\00WebDev\Fork\Tiffin_CRM_app\server\node_modules\router\lib\route.js:117:3)
    at handle (E:\00WebDev\Fork\Tiffin_CRM_app\server\node_modules\router\index.js:435:11)
    at Layer.handleRequest (E:\00WebDev\Fork\Tiffin_CRM_app\server\node_modules\router\lib\layer.js:152:17)
    at E:\00WebDev\Fork\Tiffin_CRM_app\server\node_modules\router\index.js:295:15
    at processParams (E:\00WebDev\Fork\Tiffin_CRM_app\server\node_modules\router\index.js:582:12)
    at next (E:\00WebDev\Fork\Tiffin_CRM_app\server\node_modules\router\index.js:291:5)
    at router.handle (E:\00WebDev\Fork\Tiffin_CRM_app\server\node_modules\router\index.js:186:3)

[13/03/2026, 12:47:39 am] Invalid or expired token
Error: Invalid or expired token
    at authMiddleware (file:///E:/00WebDev/Fork/Tiffin_CRM_app/server/middleware/auth.middleware.js:38:10)
    at Layer.handleRequest (E:\00WebDev\Fork\Tiffin_CRM_app\server\node_modules\router\lib\layer.js:152:17)
    at next (E:\00WebDev\Fork\Tiffin_CRM_app\server\node_modules\router\lib\route.js:157:13)
    at Route.dispatch (E:\00WebDev\Fork\Tiffin_CRM_app\server\node_modules\router\lib\route.js:117:3)
    at handle (E:\00WebDev\Fork\Tiffin_CRM_app\server\node_modules\router\index.js:435:11)
    at Layer.handleRequest (E:\00WebDev\Fork\Tiffin_CRM_app\server\node_modules\router\lib\layer.js:152:17)
    at E:\00WebDev\Fork\Tiffin_CRM_app\server\node_modules\router\index.js:295:15
    at processParams (E:\00WebDev\Fork\Tiffin_CRM_app\server\node_modules\router\index.js:582:12)
    at next (E:\00WebDev\Fork\Tiffin_CRM_app\server\node_modules\router\index.js:291:5)
    at router.handle (E:\00WebDev\Fork\Tiffin_CRM_app\server\node_modules\router\index.js:186:3)

[16/03/2026, 08:19:33 pm] Authenticate
Error: Authenticate
    at file:///E:/00WebDev/Fork/Tiffin_CRM_app/server/controllers/auth.controller.js:94:11
    at process.processTicksAndRejections (node:internal/process/task_queues:103:5)
    at async file:///E:/00WebDev/Fork/Tiffin_CRM_app/server/utils/asyncHandler.js:7:7

[16/03/2026, 08:35:19 pm] getaddrinfo EAI_AGAIN verify.twilio.com
Error: getaddrinfo EAI_AGAIN verify.twilio.com
    at file:///E:/00WebDev/Fork/Tiffin_CRM_app/server/controllers/auth.controller.js:94:11
    at process.processTicksAndRejections (node:internal/process/task_queues:103:5)
    at async file:///E:/00WebDev/Fork/Tiffin_CRM_app/server/utils/asyncHandler.js:7:7

[17/03/2026, 12:05:19 pm] password is required
Error: password is required
    at file:///E:/00WebDev/Fork/Tiffin_CRM_app/server/controllers/auth.controller.js:94:11
    at process.processTicksAndRejections (node:internal/process/task_queues:103:5)
    at async file:///E:/00WebDev/Fork/Tiffin_CRM_app/server/utils/asyncHandler.js:7:7

[17/03/2026, 12:05:29 pm] password is required
Error: password is required
    at file:///E:/00WebDev/Fork/Tiffin_CRM_app/server/controllers/auth.controller.js:94:11
    at process.processTicksAndRejections (node:internal/process/task_queues:103:5)
    at async file:///E:/00WebDev/Fork/Tiffin_CRM_app/server/utils/asyncHandler.js:7:7

[17/03/2026, 12:06:22 pm] password is required
Error: password is required
    at file:///E:/00WebDev/Fork/Tiffin_CRM_app/server/controllers/auth.controller.js:94:11
    at process.processTicksAndRejections (node:internal/process/task_queues:103:5)
    at async file:///E:/00WebDev/Fork/Tiffin_CRM_app/server/utils/asyncHandler.js:7:7

[17/03/2026, 12:07:46 pm] password is required
Error: password is required
    at file:///E:/00WebDev/Fork/Tiffin_CRM_app/server/controllers/auth.controller.js:94:11
    at process.processTicksAndRejections (node:internal/process/task_queues:103:5)
    at async file:///E:/00WebDev/Fork/Tiffin_CRM_app/server/utils/asyncHandler.js:7:7

[17/03/2026, 12:09:36 pm] OTP service is not configured. Set TWILIO_ACCOUNT_SID, TWILIO_AUTH_TOKEN, and TWILIO_SERVICE_SID in environment.
Error: OTP service is not configured. Set TWILIO_ACCOUNT_SID, TWILIO_AUTH_TOKEN, and TWILIO_SERVICE_SID in environment.
    at file:///E:/00WebDev/Fork/Tiffin_CRM_app/server/controllers/auth.controller.js:94:11
    at process.processTicksAndRejections (node:internal/process/task_queues:103:5)
    at async file:///E:/00WebDev/Fork/Tiffin_CRM_app/server/utils/asyncHandler.js:7:7

[17/03/2026, 12:10:05 pm] Invalid parameter
Error: Invalid parameter
    at file:///E:/00WebDev/Fork/Tiffin_CRM_app/server/controllers/auth.controller.js:94:11
    at process.processTicksAndRejections (node:internal/process/task_queues:103:5)
    at async file:///E:/00WebDev/Fork/Tiffin_CRM_app/server/utils/asyncHandler.js:7:7

[17/03/2026, 12:11:39 pm] Invalid parameter
Error: Invalid parameter
    at file:///E:/00WebDev/Fork/Tiffin_CRM_app/server/controllers/auth.controller.js:94:11
    at process.processTicksAndRejections (node:internal/process/task_queues:103:5)
    at async file:///E:/00WebDev/Fork/Tiffin_CRM_app/server/utils/asyncHandler.js:7:7

[17/03/2026, 12:13:03 pm] Invalid TWILIO_SERVICE_SID. Use a Verify Service SID (starts with VA) from Twilio Console → Verify → Services, not the Account SID (AC).
Error: Invalid TWILIO_SERVICE_SID. Use a Verify Service SID (starts with VA) from Twilio Console → Verify → Services, not the Account SID (AC).
    at file:///E:/00WebDev/Fork/Tiffin_CRM_app/server/controllers/auth.controller.js:94:11
    at process.processTicksAndRejections (node:internal/process/task_queues:103:5)
    at async file:///E:/00WebDev/Fork/Tiffin_CRM_app/server/utils/asyncHandler.js:7:7

[17/03/2026, 12:49:37 pm] Invalid TWILIO_SERVICE_SID. Use a Verify Service SID (starts with VA) from Twilio Console → Verify → Services, not the Account SID (AC).
Error: Invalid TWILIO_SERVICE_SID. Use a Verify Service SID (starts with VA) from Twilio Console → Verify → Services, not the Account SID (AC).
    at file:///E:/00WebDev/Fork/Tiffin_CRM_app/server/controllers/auth.controller.js:94:11
    at process.processTicksAndRejections (node:internal/process/task_queues:103:5)
    at async file:///E:/00WebDev/Fork/Tiffin_CRM_app/server/utils/asyncHandler.js:7:7

[17/03/2026, 02:44:19 pm] Authorization header missing or invalid
Error: Authorization header missing or invalid
    at authMiddleware (file:///E:/00WebDev/Fork/Tiffin_CRM_app/server/middleware/auth.middleware.js:13:17)
    at Layer.handleRequest (E:\00WebDev\Fork\Tiffin_CRM_app\server\node_modules\router\lib\layer.js:152:17)
    at trimPrefix (E:\00WebDev\Fork\Tiffin_CRM_app\server\node_modules\router\index.js:342:13)
    at E:\00WebDev\Fork\Tiffin_CRM_app\server\node_modules\router\index.js:297:9
    at processParams (E:\00WebDev\Fork\Tiffin_CRM_app\server\node_modules\router\index.js:582:12)
    at next (E:\00WebDev\Fork\Tiffin_CRM_app\server\node_modules\router\index.js:291:5)
    at router.handle (E:\00WebDev\Fork\Tiffin_CRM_app\server\node_modules\router\index.js:186:3)
    at router (E:\00WebDev\Fork\Tiffin_CRM_app\server\node_modules\router\index.js:60:12)
    at Layer.handleRequest (E:\00WebDev\Fork\Tiffin_CRM_app\server\node_modules\router\lib\layer.js:152:17)
    at trimPrefix (E:\00WebDev\Fork\Tiffin_CRM_app\server\node_modules\router\index.js:342:13)

[17/03/2026, 02:51:59 pm] Authorization header missing or invalid
Error: Authorization header missing or invalid
    at authMiddleware (file:///E:/00WebDev/Fork/Tiffin_CRM_app/server/middleware/auth.middleware.js:13:17)
    at Layer.handleRequest (E:\00WebDev\Fork\Tiffin_CRM_app\server\node_modules\router\lib\layer.js:152:17)
    at trimPrefix (E:\00WebDev\Fork\Tiffin_CRM_app\server\node_modules\router\index.js:342:13)
    at E:\00WebDev\Fork\Tiffin_CRM_app\server\node_modules\router\index.js:297:9
    at processParams (E:\00WebDev\Fork\Tiffin_CRM_app\server\node_modules\router\index.js:582:12)
    at next (E:\00WebDev\Fork\Tiffin_CRM_app\server\node_modules\router\index.js:291:5)
    at router.handle (E:\00WebDev\Fork\Tiffin_CRM_app\server\node_modules\router\index.js:186:3)
    at router (E:\00WebDev\Fork\Tiffin_CRM_app\server\node_modules\router\index.js:60:12)
    at Layer.handleRequest (E:\00WebDev\Fork\Tiffin_CRM_app\server\node_modules\router\lib\layer.js:152:17)
    at trimPrefix (E:\00WebDev\Fork\Tiffin_CRM_app\server\node_modules\router\index.js:342:13)

[17/03/2026, 02:51:59 pm] Authorization header missing or invalid
Error: Authorization header missing or invalid
    at authMiddleware (file:///E:/00WebDev/Fork/Tiffin_CRM_app/server/middleware/auth.middleware.js:13:17)
    at Layer.handleRequest (E:\00WebDev\Fork\Tiffin_CRM_app\server\node_modules\router\lib\layer.js:152:17)
    at trimPrefix (E:\00WebDev\Fork\Tiffin_CRM_app\server\node_modules\router\index.js:342:13)
    at E:\00WebDev\Fork\Tiffin_CRM_app\server\node_modules\router\index.js:297:9
    at processParams (E:\00WebDev\Fork\Tiffin_CRM_app\server\node_modules\router\index.js:582:12)
    at next (E:\00WebDev\Fork\Tiffin_CRM_app\server\node_modules\router\index.js:291:5)
    at router.handle (E:\00WebDev\Fork\Tiffin_CRM_app\server\node_modules\router\index.js:186:3)
    at router (E:\00WebDev\Fork\Tiffin_CRM_app\server\node_modules\router\index.js:60:12)
    at Layer.handleRequest (E:\00WebDev\Fork\Tiffin_CRM_app\server\node_modules\router\lib\layer.js:152:17)
    at trimPrefix (E:\00WebDev\Fork\Tiffin_CRM_app\server\node_modules\router\index.js:342:13)

[17/03/2026, 02:51:59 pm] Authorization header missing or invalid
Error: Authorization header missing or invalid
    at authMiddleware (file:///E:/00WebDev/Fork/Tiffin_CRM_app/server/middleware/auth.middleware.js:13:17)
    at Layer.handleRequest (E:\00WebDev\Fork\Tiffin_CRM_app\server\node_modules\router\lib\layer.js:152:17)
    at trimPrefix (E:\00WebDev\Fork\Tiffin_CRM_app\server\node_modules\router\index.js:342:13)
    at E:\00WebDev\Fork\Tiffin_CRM_app\server\node_modules\router\index.js:297:9
    at processParams (E:\00WebDev\Fork\Tiffin_CRM_app\server\node_modules\router\index.js:582:12)
    at next (E:\00WebDev\Fork\Tiffin_CRM_app\server\node_modules\router\index.js:291:5)
    at router.handle (E:\00WebDev\Fork\Tiffin_CRM_app\server\node_modules\router\index.js:186:3)
    at router (E:\00WebDev\Fork\Tiffin_CRM_app\server\node_modules\router\index.js:60:12)
    at Layer.handleRequest (E:\00WebDev\Fork\Tiffin_CRM_app\server\node_modules\router\lib\layer.js:152:17)
    at trimPrefix (E:\00WebDev\Fork\Tiffin_CRM_app\server\node_modules\router\index.js:342:13)

[17/03/2026, 02:51:59 pm] Authorization header missing or invalid
Error: Authorization header missing or invalid
    at authMiddleware (file:///E:/00WebDev/Fork/Tiffin_CRM_app/server/middleware/auth.middleware.js:13:17)
    at Layer.handleRequest (E:\00WebDev\Fork\Tiffin_CRM_app\server\node_modules\router\lib\layer.js:152:17)
    at trimPrefix (E:\00WebDev\Fork\Tiffin_CRM_app\server\node_modules\router\index.js:342:13)
    at E:\00WebDev\Fork\Tiffin_CRM_app\server\node_modules\router\index.js:297:9
    at processParams (E:\00WebDev\Fork\Tiffin_CRM_app\server\node_modules\router\index.js:582:12)
    at next (E:\00WebDev\Fork\Tiffin_CRM_app\server\node_modules\router\index.js:291:5)
    at router.handle (E:\00WebDev\Fork\Tiffin_CRM_app\server\node_modules\router\index.js:186:3)
    at router (E:\00WebDev\Fork\Tiffin_CRM_app\server\node_modules\router\index.js:60:12)
    at Layer.handleRequest (E:\00WebDev\Fork\Tiffin_CRM_app\server\node_modules\router\lib\layer.js:152:17)
    at trimPrefix (E:\00WebDev\Fork\Tiffin_CRM_app\server\node_modules\router\index.js:342:13)

[17/03/2026, 02:51:59 pm] Authorization header missing or invalid
Error: Authorization header missing or invalid
    at authMiddleware (file:///E:/00WebDev/Fork/Tiffin_CRM_app/server/middleware/auth.middleware.js:13:17)
    at Layer.handleRequest (E:\00WebDev\Fork\Tiffin_CRM_app\server\node_modules\router\lib\layer.js:152:17)
    at trimPrefix (E:\00WebDev\Fork\Tiffin_CRM_app\server\node_modules\router\index.js:342:13)
    at E:\00WebDev\Fork\Tiffin_CRM_app\server\node_modules\router\index.js:297:9
    at processParams (E:\00WebDev\Fork\Tiffin_CRM_app\server\node_modules\router\index.js:582:12)
    at next (E:\00WebDev\Fork\Tiffin_CRM_app\server\node_modules\router\index.js:291:5)
    at router.handle (E:\00WebDev\Fork\Tiffin_CRM_app\server\node_modules\router\index.js:186:3)
    at router (E:\00WebDev\Fork\Tiffin_CRM_app\server\node_modules\router\index.js:60:12)
    at Layer.handleRequest (E:\00WebDev\Fork\Tiffin_CRM_app\server\node_modules\router\lib\layer.js:152:17)
    at trimPrefix (E:\00WebDev\Fork\Tiffin_CRM_app\server\node_modules\router\index.js:342:13)

[17/03/2026, 02:53:19 pm] The phone number is unverified. Trial accounts cannot send messages to unverified numbers; verify it at twilio.com/user/account/phone-numbers/verified
Error: The phone number is unverified. Trial accounts cannot send messages to unverified numbers; verify it at twilio.com/user/account/phone-numbers/verified
    at file:///E:/00WebDev/Fork/Tiffin_CRM_app/server/controllers/auth.controller.js:94:11
    at process.processTicksAndRejections (node:internal/process/task_queues:103:5)
    at async file:///E:/00WebDev/Fork/Tiffin_CRM_app/server/utils/asyncHandler.js:7:7

[17/03/2026, 02:53:43 pm] The phone number is unverified. Trial accounts cannot send messages to unverified numbers; verify it at twilio.com/user/account/phone-numbers/verified
Error: The phone number is unverified. Trial accounts cannot send messages to unverified numbers; verify it at twilio.com/user/account/phone-numbers/verified
    at file:///E:/00WebDev/Fork/Tiffin_CRM_app/server/controllers/auth.controller.js:94:11
    at process.processTicksAndRejections (node:internal/process/task_queues:103:5)
    at async file:///E:/00WebDev/Fork/Tiffin_CRM_app/server/utils/asyncHandler.js:7:7

[17/03/2026, 02:55:06 pm] getaddrinfo EAI_AGAIN verify.twilio.com
Error: getaddrinfo EAI_AGAIN verify.twilio.com
    at file:///E:/00WebDev/Fork/Tiffin_CRM_app/server/controllers/auth.controller.js:94:11
    at process.processTicksAndRejections (node:internal/process/task_queues:103:5)
    at async file:///E:/00WebDev/Fork/Tiffin_CRM_app/server/utils/asyncHandler.js:7:7

[17/03/2026, 02:55:39 pm] getaddrinfo EAI_AGAIN verify.twilio.com
Error: getaddrinfo EAI_AGAIN verify.twilio.com
    at file:///E:/00WebDev/Fork/Tiffin_CRM_app/server/controllers/auth.controller.js:94:11
    at process.processTicksAndRejections (node:internal/process/task_queues:103:5)
    at async file:///E:/00WebDev/Fork/Tiffin_CRM_app/server/utils/asyncHandler.js:7:7

[17/03/2026, 02:59:21 pm] Authorization header missing or invalid
Error: Authorization header missing or invalid
    at authMiddleware (file:///E:/00WebDev/Fork/Tiffin_CRM_app/server/middleware/auth.middleware.js:13:17)
    at Layer.handleRequest (E:\00WebDev\Fork\Tiffin_CRM_app\server\node_modules\router\lib\layer.js:152:17)
    at trimPrefix (E:\00WebDev\Fork\Tiffin_CRM_app\server\node_modules\router\index.js:342:13)
    at E:\00WebDev\Fork\Tiffin_CRM_app\server\node_modules\router\index.js:297:9
    at processParams (E:\00WebDev\Fork\Tiffin_CRM_app\server\node_modules\router\index.js:582:12)
    at next (E:\00WebDev\Fork\Tiffin_CRM_app\server\node_modules\router\index.js:291:5)
    at router.handle (E:\00WebDev\Fork\Tiffin_CRM_app\server\node_modules\router\index.js:186:3)
    at router (E:\00WebDev\Fork\Tiffin_CRM_app\server\node_modules\router\index.js:60:12)
    at Layer.handleRequest (E:\00WebDev\Fork\Tiffin_CRM_app\server\node_modules\router\lib\layer.js:152:17)
    at trimPrefix (E:\00WebDev\Fork\Tiffin_CRM_app\server\node_modules\router\index.js:342:13)

[17/03/2026, 02:59:21 pm] Authorization header missing or invalid
Error: Authorization header missing or invalid
    at authMiddleware (file:///E:/00WebDev/Fork/Tiffin_CRM_app/server/middleware/auth.middleware.js:13:17)
    at Layer.handleRequest (E:\00WebDev\Fork\Tiffin_CRM_app\server\node_modules\router\lib\layer.js:152:17)
    at trimPrefix (E:\00WebDev\Fork\Tiffin_CRM_app\server\node_modules\router\index.js:342:13)
    at E:\00WebDev\Fork\Tiffin_CRM_app\server\node_modules\router\index.js:297:9
    at processParams (E:\00WebDev\Fork\Tiffin_CRM_app\server\node_modules\router\index.js:582:12)
    at next (E:\00WebDev\Fork\Tiffin_CRM_app\server\node_modules\router\index.js:291:5)
    at router.handle (E:\00WebDev\Fork\Tiffin_CRM_app\server\node_modules\router\index.js:186:3)
    at router (E:\00WebDev\Fork\Tiffin_CRM_app\server\node_modules\router\index.js:60:12)
    at Layer.handleRequest (E:\00WebDev\Fork\Tiffin_CRM_app\server\node_modules\router\lib\layer.js:152:17)
    at trimPrefix (E:\00WebDev\Fork\Tiffin_CRM_app\server\node_modules\router\index.js:342:13)

[17/03/2026, 03:15:07 pm] Customer profile not found
Error: Customer profile not found
    at file:///E:/00WebDev/Fork/Tiffin_CRM_app/server/controllers/customerPortal.controller.js:50:24
    at process.processTicksAndRejections (node:internal/process/task_queues:103:5)
    at async file:///E:/00WebDev/Fork/Tiffin_CRM_app/server/utils/asyncHandler.js:7:7

[17/03/2026, 03:15:36 pm] Customer profile not found
Error: Customer profile not found
    at file:///E:/00WebDev/Fork/Tiffin_CRM_app/server/controllers/customerPortal.controller.js:50:24
    at process.processTicksAndRejections (node:internal/process/task_queues:103:5)
    at async file:///E:/00WebDev/Fork/Tiffin_CRM_app/server/utils/asyncHandler.js:7:7

[17/03/2026, 03:16:06 pm] Customer profile not found
Error: Customer profile not found
    at file:///E:/00WebDev/Fork/Tiffin_CRM_app/server/controllers/customerPortal.controller.js:50:24
    at process.processTicksAndRejections (node:internal/process/task_queues:103:5)
    at async file:///E:/00WebDev/Fork/Tiffin_CRM_app/server/utils/asyncHandler.js:7:7

[17/03/2026, 07:06:15 pm] Authorization header missing or invalid
Error: Authorization header missing or invalid
    at authMiddleware (file:///E:/00WebDev/Fork/Tiffin_CRM_app/server/middleware/auth.middleware.js:13:17)
    at Layer.handleRequest (E:\00WebDev\Fork\Tiffin_CRM_app\server\node_modules\router\lib\layer.js:152:17)
    at trimPrefix (E:\00WebDev\Fork\Tiffin_CRM_app\server\node_modules\router\index.js:342:13)
    at E:\00WebDev\Fork\Tiffin_CRM_app\server\node_modules\router\index.js:297:9
    at processParams (E:\00WebDev\Fork\Tiffin_CRM_app\server\node_modules\router\index.js:582:12)
    at next (E:\00WebDev\Fork\Tiffin_CRM_app\server\node_modules\router\index.js:291:5)
    at router.handle (E:\00WebDev\Fork\Tiffin_CRM_app\server\node_modules\router\index.js:186:3)
    at router (E:\00WebDev\Fork\Tiffin_CRM_app\server\node_modules\router\index.js:60:12)
    at Layer.handleRequest (E:\00WebDev\Fork\Tiffin_CRM_app\server\node_modules\router\lib\layer.js:152:17)
    at trimPrefix (E:\00WebDev\Fork\Tiffin_CRM_app\server\node_modules\router\index.js:342:13)

[17/03/2026, 07:06:15 pm] Authorization header missing or invalid
Error: Authorization header missing or invalid
    at authMiddleware (file:///E:/00WebDev/Fork/Tiffin_CRM_app/server/middleware/auth.middleware.js:13:17)
    at Layer.handleRequest (E:\00WebDev\Fork\Tiffin_CRM_app\server\node_modules\router\lib\layer.js:152:17)
    at trimPrefix (E:\00WebDev\Fork\Tiffin_CRM_app\server\node_modules\router\index.js:342:13)
    at E:\00WebDev\Fork\Tiffin_CRM_app\server\node_modules\router\index.js:297:9
    at processParams (E:\00WebDev\Fork\Tiffin_CRM_app\server\node_modules\router\index.js:582:12)
    at next (E:\00WebDev\Fork\Tiffin_CRM_app\server\node_modules\router\index.js:291:5)
    at router.handle (E:\00WebDev\Fork\Tiffin_CRM_app\server\node_modules\router\index.js:186:3)
    at router (E:\00WebDev\Fork\Tiffin_CRM_app\server\node_modules\router\index.js:60:12)
    at Layer.handleRequest (E:\00WebDev\Fork\Tiffin_CRM_app\server\node_modules\router\lib\layer.js:152:17)
    at trimPrefix (E:\00WebDev\Fork\Tiffin_CRM_app\server\node_modules\router\index.js:342:13)

[17/03/2026, 07:06:15 pm] Authorization header missing or invalid
Error: Authorization header missing or invalid
    at authMiddleware (file:///E:/00WebDev/Fork/Tiffin_CRM_app/server/middleware/auth.middleware.js:13:17)
    at Layer.handleRequest (E:\00WebDev\Fork\Tiffin_CRM_app\server\node_modules\router\lib\layer.js:152:17)
    at trimPrefix (E:\00WebDev\Fork\Tiffin_CRM_app\server\node_modules\router\index.js:342:13)
    at E:\00WebDev\Fork\Tiffin_CRM_app\server\node_modules\router\index.js:297:9
    at processParams (E:\00WebDev\Fork\Tiffin_CRM_app\server\node_modules\router\index.js:582:12)
    at next (E:\00WebDev\Fork\Tiffin_CRM_app\server\node_modules\router\index.js:291:5)
    at router.handle (E:\00WebDev\Fork\Tiffin_CRM_app\server\node_modules\router\index.js:186:3)
    at router (E:\00WebDev\Fork\Tiffin_CRM_app\server\node_modules\router\index.js:60:12)
    at Layer.handleRequest (E:\00WebDev\Fork\Tiffin_CRM_app\server\node_modules\router\lib\layer.js:152:17)
    at trimPrefix (E:\00WebDev\Fork\Tiffin_CRM_app\server\node_modules\router\index.js:342:13)

[17/03/2026, 07:06:15 pm] Authorization header missing or invalid
Error: Authorization header missing or invalid
    at authMiddleware (file:///E:/00WebDev/Fork/Tiffin_CRM_app/server/middleware/auth.middleware.js:13:17)
    at Layer.handleRequest (E:\00WebDev\Fork\Tiffin_CRM_app\server\node_modules\router\lib\layer.js:152:17)
    at trimPrefix (E:\00WebDev\Fork\Tiffin_CRM_app\server\node_modules\router\index.js:342:13)
    at E:\00WebDev\Fork\Tiffin_CRM_app\server\node_modules\router\index.js:297:9
    at processParams (E:\00WebDev\Fork\Tiffin_CRM_app\server\node_modules\router\index.js:582:12)
    at next (E:\00WebDev\Fork\Tiffin_CRM_app\server\node_modules\router\index.js:291:5)
    at router.handle (E:\00WebDev\Fork\Tiffin_CRM_app\server\node_modules\router\index.js:186:3)
    at router (E:\00WebDev\Fork\Tiffin_CRM_app\server\node_modules\router\index.js:60:12)
    at Layer.handleRequest (E:\00WebDev\Fork\Tiffin_CRM_app\server\node_modules\router\lib\layer.js:152:17)
    at trimPrefix (E:\00WebDev\Fork\Tiffin_CRM_app\server\node_modules\router\index.js:342:13)

[17/03/2026, 07:06:15 pm] Authorization header missing or invalid
Error: Authorization header missing or invalid
    at authMiddleware (file:///E:/00WebDev/Fork/Tiffin_CRM_app/server/middleware/auth.middleware.js:13:17)
    at Layer.handleRequest (E:\00WebDev\Fork\Tiffin_CRM_app\server\node_modules\router\lib\layer.js:152:17)
    at trimPrefix (E:\00WebDev\Fork\Tiffin_CRM_app\server\node_modules\router\index.js:342:13)
    at E:\00WebDev\Fork\Tiffin_CRM_app\server\node_modules\router\index.js:297:9
    at processParams (E:\00WebDev\Fork\Tiffin_CRM_app\server\node_modules\router\index.js:582:12)
    at next (E:\00WebDev\Fork\Tiffin_CRM_app\server\node_modules\router\index.js:291:5)
    at router.handle (E:\00WebDev\Fork\Tiffin_CRM_app\server\node_modules\router\index.js:186:3)
    at router (E:\00WebDev\Fork\Tiffin_CRM_app\server\node_modules\router\index.js:60:12)
    at Layer.handleRequest (E:\00WebDev\Fork\Tiffin_CRM_app\server\node_modules\router\lib\layer.js:152:17)
    at trimPrefix (E:\00WebDev\Fork\Tiffin_CRM_app\server\node_modules\router\index.js:342:13)

[17/03/2026, 07:18:42 pm] Invalid or expired OTP
Error: Invalid or expired OTP
    at file:///E:/00WebDev/Fork/Tiffin_CRM_app/server/controllers/auth.controller.js:275:11
    at process.processTicksAndRejections (node:internal/process/task_queues:103:5)
    at async file:///E:/00WebDev/Fork/Tiffin_CRM_app/server/utils/asyncHandler.js:7:7

[17/03/2026, 07:21:53 pm] Invalid or expired OTP
Error: Invalid or expired OTP
    at file:///E:/00WebDev/Fork/Tiffin_CRM_app/server/controllers/auth.controller.js:275:11
    at process.processTicksAndRejections (node:internal/process/task_queues:103:5)
    at async file:///E:/00WebDev/Fork/Tiffin_CRM_app/server/utils/asyncHandler.js:7:7

[17/03/2026, 07:21:57 pm] getaddrinfo ENOTFOUND verify.twilio.com
Error: getaddrinfo ENOTFOUND verify.twilio.com
    at file:///E:/00WebDev/Fork/Tiffin_CRM_app/server/controllers/auth.controller.js:94:11
    at process.processTicksAndRejections (node:internal/process/task_queues:103:5)
    at async file:///E:/00WebDev/Fork/Tiffin_CRM_app/server/utils/asyncHandler.js:7:7

[17/03/2026, 07:45:13 pm] status must be one of: out_for_delivery, delivered
Error: status must be one of: out_for_delivery, delivered
    at file:///E:/00WebDev/Fork/Tiffin_CRM_app/server/controllers/dailyOrder.controller.js:157:11
    at file:///E:/00WebDev/Fork/Tiffin_CRM_app/server/utils/asyncHandler.js:7:13
    at Layer.handleRequest (E:\00WebDev\Fork\Tiffin_CRM_app\server\node_modules\router\lib\layer.js:152:17)
    at next (E:\00WebDev\Fork\Tiffin_CRM_app\server\node_modules\router\lib\route.js:157:13)
    at file:///E:/00WebDev/Fork/Tiffin_CRM_app/server/middleware/rbac.middleware.js:34:5
    at Layer.handleRequest (E:\00WebDev\Fork\Tiffin_CRM_app\server\node_modules\router\lib\layer.js:152:17)
    at next (E:\00WebDev\Fork\Tiffin_CRM_app\server\node_modules\router\lib\route.js:157:13)
    at Route.dispatch (E:\00WebDev\Fork\Tiffin_CRM_app\server\node_modules\router\lib\route.js:117:3)
    at handle (E:\00WebDev\Fork\Tiffin_CRM_app\server\node_modules\router\index.js:435:11)
    at Layer.handleRequest (E:\00WebDev\Fork\Tiffin_CRM_app\server\node_modules\router\lib\layer.js:152:17)

[17/03/2026, 07:45:19 pm] status must be one of: out_for_delivery, delivered
Error: status must be one of: out_for_delivery, delivered
    at file:///E:/00WebDev/Fork/Tiffin_CRM_app/server/controllers/dailyOrder.controller.js:157:11
    at file:///E:/00WebDev/Fork/Tiffin_CRM_app/server/utils/asyncHandler.js:7:13
    at Layer.handleRequest (E:\00WebDev\Fork\Tiffin_CRM_app\server\node_modules\router\lib\layer.js:152:17)
    at next (E:\00WebDev\Fork\Tiffin_CRM_app\server\node_modules\router\lib\route.js:157:13)
    at file:///E:/00WebDev/Fork/Tiffin_CRM_app/server/middleware/rbac.middleware.js:34:5
    at Layer.handleRequest (E:\00WebDev\Fork\Tiffin_CRM_app\server\node_modules\router\lib\layer.js:152:17)
    at next (E:\00WebDev\Fork\Tiffin_CRM_app\server\node_modules\router\lib\route.js:157:13)
    at Route.dispatch (E:\00WebDev\Fork\Tiffin_CRM_app\server\node_modules\router\lib\route.js:117:3)
    at handle (E:\00WebDev\Fork\Tiffin_CRM_app\server\node_modules\router\index.js:435:11)
    at Layer.handleRequest (E:\00WebDev\Fork\Tiffin_CRM_app\server\node_modules\router\lib\layer.js:152:17)

[17/03/2026, 08:34:37 pm] getaddrinfo ENOTFOUND ac-lgaj5fg-shard-00-02.0ytrsll.mongodb.net
MongoServerSelectionError: getaddrinfo ENOTFOUND ac-lgaj5fg-shard-00-02.0ytrsll.mongodb.net
    at Topology.selectServer (E:\00WebDev\Fork\Tiffin_CRM_app\server\node_modules\mongodb\lib\sdam\topology.js:346:38)
    at runNextTicks (node:internal/process/task_queues:64:5)
    at listOnTimeout (node:internal/timers:567:9)
    at process.processTimers (node:internal/timers:541:7)
    at async tryOperation (E:\00WebDev\Fork\Tiffin_CRM_app\server\node_modules\mongodb\lib\operations\execute_operation.js:150:18)
    at async executeOperation (E:\00WebDev\Fork\Tiffin_CRM_app\server\node_modules\mongodb\lib\operations\execute_operation.js:80:16)
    at async AggregationCursor._initialize (E:\00WebDev\Fork\Tiffin_CRM_app\server\node_modules\mongodb\lib\cursor\aggregation_cursor.js:57:26)
    at async AggregationCursor.cursorInit (E:\00WebDev\Fork\Tiffin_CRM_app\server\node_modules\mongodb\lib\cursor\abstract_cursor.js:620:27)
    at async AggregationCursor.fetchBatch (E:\00WebDev\Fork\Tiffin_CRM_app\server\node_modules\mongodb\lib\cursor\abstract_cursor.js:654:13)
    at async AggregationCursor.next (E:\00WebDev\Fork\Tiffin_CRM_app\server\node_modules\mongodb\lib\cursor\abstract_cursor.js:326:17)

[17/03/2026, 08:34:38 pm] getaddrinfo ENOTFOUND ac-lgaj5fg-shard-00-02.0ytrsll.mongodb.net
MongoServerSelectionError: getaddrinfo ENOTFOUND ac-lgaj5fg-shard-00-02.0ytrsll.mongodb.net
    at Topology.selectServer (E:\00WebDev\Fork\Tiffin_CRM_app\server\node_modules\mongodb\lib\sdam\topology.js:346:38)
    at runNextTicks (node:internal/process/task_queues:64:5)
    at listOnTimeout (node:internal/timers:567:9)
    at process.processTimers (node:internal/timers:541:7)
    at async tryOperation (E:\00WebDev\Fork\Tiffin_CRM_app\server\node_modules\mongodb\lib\operations\execute_operation.js:150:18)
    at async executeOperation (E:\00WebDev\Fork\Tiffin_CRM_app\server\node_modules\mongodb\lib\operations\execute_operation.js:80:16)
    at async AggregationCursor._initialize (E:\00WebDev\Fork\Tiffin_CRM_app\server\node_modules\mongodb\lib\cursor\aggregation_cursor.js:57:26)
    at async AggregationCursor.cursorInit (E:\00WebDev\Fork\Tiffin_CRM_app\server\node_modules\mongodb\lib\cursor\abstract_cursor.js:620:27)
    at async AggregationCursor.fetchBatch (E:\00WebDev\Fork\Tiffin_CRM_app\server\node_modules\mongodb\lib\cursor\abstract_cursor.js:654:13)
    at async AggregationCursor.next (E:\00WebDev\Fork\Tiffin_CRM_app\server\node_modules\mongodb\lib\cursor\abstract_cursor.js:326:17)

[17/03/2026, 08:34:43 pm] getaddrinfo ENOTFOUND ac-lgaj5fg-shard-00-02.0ytrsll.mongodb.net
MongoServerSelectionError: getaddrinfo ENOTFOUND ac-lgaj5fg-shard-00-02.0ytrsll.mongodb.net
    at Topology.selectServer (E:\00WebDev\Fork\Tiffin_CRM_app\server\node_modules\mongodb\lib\sdam\topology.js:346:38)
    at runNextTicks (node:internal/process/task_queues:64:5)
    at listOnTimeout (node:internal/timers:567:9)
    at process.processTimers (node:internal/timers:541:7)
    at async tryOperation (E:\00WebDev\Fork\Tiffin_CRM_app\server\node_modules\mongodb\lib\operations\execute_operation.js:150:18)
    at async executeOperation (E:\00WebDev\Fork\Tiffin_CRM_app\server\node_modules\mongodb\lib\operations\execute_operation.js:80:16)
    at async AggregationCursor._initialize (E:\00WebDev\Fork\Tiffin_CRM_app\server\node_modules\mongodb\lib\cursor\aggregation_cursor.js:57:26)
    at async AggregationCursor.cursorInit (E:\00WebDev\Fork\Tiffin_CRM_app\server\node_modules\mongodb\lib\cursor\abstract_cursor.js:620:27)
    at async AggregationCursor.fetchBatch (E:\00WebDev\Fork\Tiffin_CRM_app\server\node_modules\mongodb\lib\cursor\abstract_cursor.js:654:13)
    at async AggregationCursor.next (E:\00WebDev\Fork\Tiffin_CRM_app\server\node_modules\mongodb\lib\cursor\abstract_cursor.js:326:17)

[17/03/2026, 08:34:43 pm] getaddrinfo ENOTFOUND ac-lgaj5fg-shard-00-02.0ytrsll.mongodb.net
MongoServerSelectionError: getaddrinfo ENOTFOUND ac-lgaj5fg-shard-00-02.0ytrsll.mongodb.net
    at Topology.selectServer (E:\00WebDev\Fork\Tiffin_CRM_app\server\node_modules\mongodb\lib\sdam\topology.js:346:38)
    at runNextTicks (node:internal/process/task_queues:64:5)
    at listOnTimeout (node:internal/timers:567:9)
    at process.processTimers (node:internal/timers:541:7)
    at async tryOperation (E:\00WebDev\Fork\Tiffin_CRM_app\server\node_modules\mongodb\lib\operations\execute_operation.js:150:18)
    at async executeOperation (E:\00WebDev\Fork\Tiffin_CRM_app\server\node_modules\mongodb\lib\operations\execute_operation.js:80:16)
    at async AggregationCursor._initialize (E:\00WebDev\Fork\Tiffin_CRM_app\server\node_modules\mongodb\lib\cursor\aggregation_cursor.js:57:26)
    at async AggregationCursor.cursorInit (E:\00WebDev\Fork\Tiffin_CRM_app\server\node_modules\mongodb\lib\cursor\abstract_cursor.js:620:27)
    at async AggregationCursor.fetchBatch (E:\00WebDev\Fork\Tiffin_CRM_app\server\node_modules\mongodb\lib\cursor\abstract_cursor.js:654:13)
    at async AggregationCursor.next (E:\00WebDev\Fork\Tiffin_CRM_app\server\node_modules\mongodb\lib\cursor\abstract_cursor.js:326:17)

[17/03/2026, 08:35:09 pm] getaddrinfo ENOTFOUND ac-lgaj5fg-shard-00-02.0ytrsll.mongodb.net
MongoServerSelectionError: getaddrinfo ENOTFOUND ac-lgaj5fg-shard-00-02.0ytrsll.mongodb.net
    at Topology.selectServer (E:\00WebDev\Fork\Tiffin_CRM_app\server\node_modules\mongodb\lib\sdam\topology.js:346:38)
    at runNextTicks (node:internal/process/task_queues:64:5)
    at listOnTimeout (node:internal/timers:567:9)
    at process.processTimers (node:internal/timers:541:7)
    at async tryOperation (E:\00WebDev\Fork\Tiffin_CRM_app\server\node_modules\mongodb\lib\operations\execute_operation.js:150:18)
    at async executeOperation (E:\00WebDev\Fork\Tiffin_CRM_app\server\node_modules\mongodb\lib\operations\execute_operation.js:80:16)
    at async AggregationCursor._initialize (E:\00WebDev\Fork\Tiffin_CRM_app\server\node_modules\mongodb\lib\cursor\aggregation_cursor.js:57:26)
    at async AggregationCursor.cursorInit (E:\00WebDev\Fork\Tiffin_CRM_app\server\node_modules\mongodb\lib\cursor\abstract_cursor.js:620:27)
    at async AggregationCursor.fetchBatch (E:\00WebDev\Fork\Tiffin_CRM_app\server\node_modules\mongodb\lib\cursor\abstract_cursor.js:654:13)
    at async AggregationCursor.next (E:\00WebDev\Fork\Tiffin_CRM_app\server\node_modules\mongodb\lib\cursor\abstract_cursor.js:326:17)

[17/03/2026, 08:35:09 pm] getaddrinfo ENOTFOUND ac-lgaj5fg-shard-00-02.0ytrsll.mongodb.net
MongoServerSelectionError: getaddrinfo ENOTFOUND ac-lgaj5fg-shard-00-02.0ytrsll.mongodb.net
    at Topology.selectServer (E:\00WebDev\Fork\Tiffin_CRM_app\server\node_modules\mongodb\lib\sdam\topology.js:346:38)
    at runNextTicks (node:internal/process/task_queues:64:5)
    at listOnTimeout (node:internal/timers:567:9)
    at process.processTimers (node:internal/timers:541:7)
    at async tryOperation (E:\00WebDev\Fork\Tiffin_CRM_app\server\node_modules\mongodb\lib\operations\execute_operation.js:150:18)
    at async executeOperation (E:\00WebDev\Fork\Tiffin_CRM_app\server\node_modules\mongodb\lib\operations\execute_operation.js:80:16)
    at async AggregationCursor._initialize (E:\00WebDev\Fork\Tiffin_CRM_app\server\node_modules\mongodb\lib\cursor\aggregation_cursor.js:57:26)
    at async AggregationCursor.cursorInit (E:\00WebDev\Fork\Tiffin_CRM_app\server\node_modules\mongodb\lib\cursor\abstract_cursor.js:620:27)
    at async AggregationCursor.fetchBatch (E:\00WebDev\Fork\Tiffin_CRM_app\server\node_modules\mongodb\lib\cursor\abstract_cursor.js:654:13)
    at async AggregationCursor.next (E:\00WebDev\Fork\Tiffin_CRM_app\server\node_modules\mongodb\lib\cursor\abstract_cursor.js:326:17)

[17/03/2026, 08:35:39 pm] getaddrinfo ENOTFOUND ac-lgaj5fg-shard-00-02.0ytrsll.mongodb.net
MongoServerSelectionError: getaddrinfo ENOTFOUND ac-lgaj5fg-shard-00-02.0ytrsll.mongodb.net
    at Topology.selectServer (E:\00WebDev\Fork\Tiffin_CRM_app\server\node_modules\mongodb\lib\sdam\topology.js:346:38)
    at runNextTicks (node:internal/process/task_queues:64:5)
    at listOnTimeout (node:internal/timers:567:9)
    at process.processTimers (node:internal/timers:541:7)
    at async tryOperation (E:\00WebDev\Fork\Tiffin_CRM_app\server\node_modules\mongodb\lib\operations\execute_operation.js:150:18)
    at async executeOperation (E:\00WebDev\Fork\Tiffin_CRM_app\server\node_modules\mongodb\lib\operations\execute_operation.js:80:16)
    at async AggregationCursor._initialize (E:\00WebDev\Fork\Tiffin_CRM_app\server\node_modules\mongodb\lib\cursor\aggregation_cursor.js:57:26)
    at async AggregationCursor.cursorInit (E:\00WebDev\Fork\Tiffin_CRM_app\server\node_modules\mongodb\lib\cursor\abstract_cursor.js:620:27)
    at async AggregationCursor.fetchBatch (E:\00WebDev\Fork\Tiffin_CRM_app\server\node_modules\mongodb\lib\cursor\abstract_cursor.js:654:13)
    at async AggregationCursor.next (E:\00WebDev\Fork\Tiffin_CRM_app\server\node_modules\mongodb\lib\cursor\abstract_cursor.js:326:17)

[17/03/2026, 08:35:39 pm] getaddrinfo ENOTFOUND ac-lgaj5fg-shard-00-02.0ytrsll.mongodb.net
MongoServerSelectionError: getaddrinfo ENOTFOUND ac-lgaj5fg-shard-00-02.0ytrsll.mongodb.net
    at Topology.selectServer (E:\00WebDev\Fork\Tiffin_CRM_app\server\node_modules\mongodb\lib\sdam\topology.js:346:38)
    at runNextTicks (node:internal/process/task_queues:64:5)
    at listOnTimeout (node:internal/timers:567:9)
    at process.processTimers (node:internal/timers:541:7)
    at async tryOperation (E:\00WebDev\Fork\Tiffin_CRM_app\server\node_modules\mongodb\lib\operations\execute_operation.js:150:18)
    at async executeOperation (E:\00WebDev\Fork\Tiffin_CRM_app\server\node_modules\mongodb\lib\operations\execute_operation.js:80:16)
    at async AggregationCursor._initialize (E:\00WebDev\Fork\Tiffin_CRM_app\server\node_modules\mongodb\lib\cursor\aggregation_cursor.js:57:26)
    at async AggregationCursor.cursorInit (E:\00WebDev\Fork\Tiffin_CRM_app\server\node_modules\mongodb\lib\cursor\abstract_cursor.js:620:27)
    at async AggregationCursor.fetchBatch (E:\00WebDev\Fork\Tiffin_CRM_app\server\node_modules\mongodb\lib\cursor\abstract_cursor.js:654:13)
    at async AggregationCursor.next (E:\00WebDev\Fork\Tiffin_CRM_app\server\node_modules\mongodb\lib\cursor\abstract_cursor.js:326:17)

[17/03/2026, 08:36:09 pm] getaddrinfo ENOTFOUND ac-lgaj5fg-shard-00-02.0ytrsll.mongodb.net
MongoServerSelectionError: getaddrinfo ENOTFOUND ac-lgaj5fg-shard-00-02.0ytrsll.mongodb.net
    at Topology.selectServer (E:\00WebDev\Fork\Tiffin_CRM_app\server\node_modules\mongodb\lib\sdam\topology.js:346:38)
    at runNextTicks (node:internal/process/task_queues:64:5)
    at listOnTimeout (node:internal/timers:567:9)
    at process.processTimers (node:internal/timers:541:7)
    at async tryOperation (E:\00WebDev\Fork\Tiffin_CRM_app\server\node_modules\mongodb\lib\operations\execute_operation.js:150:18)
    at async executeOperation (E:\00WebDev\Fork\Tiffin_CRM_app\server\node_modules\mongodb\lib\operations\execute_operation.js:80:16)
    at async AggregationCursor._initialize (E:\00WebDev\Fork\Tiffin_CRM_app\server\node_modules\mongodb\lib\cursor\aggregation_cursor.js:57:26)
    at async AggregationCursor.cursorInit (E:\00WebDev\Fork\Tiffin_CRM_app\server\node_modules\mongodb\lib\cursor\abstract_cursor.js:620:27)
    at async AggregationCursor.fetchBatch (E:\00WebDev\Fork\Tiffin_CRM_app\server\node_modules\mongodb\lib\cursor\abstract_cursor.js:654:13)
    at async AggregationCursor.next (E:\00WebDev\Fork\Tiffin_CRM_app\server\node_modules\mongodb\lib\cursor\abstract_cursor.js:326:17)

[17/03/2026, 08:36:09 pm] getaddrinfo ENOTFOUND ac-lgaj5fg-shard-00-02.0ytrsll.mongodb.net
MongoServerSelectionError: getaddrinfo ENOTFOUND ac-lgaj5fg-shard-00-02.0ytrsll.mongodb.net
    at Topology.selectServer (E:\00WebDev\Fork\Tiffin_CRM_app\server\node_modules\mongodb\lib\sdam\topology.js:346:38)
    at runNextTicks (node:internal/process/task_queues:64:5)
    at listOnTimeout (node:internal/timers:567:9)
    at process.processTimers (node:internal/timers:541:7)
    at async tryOperation (E:\00WebDev\Fork\Tiffin_CRM_app\server\node_modules\mongodb\lib\operations\execute_operation.js:150:18)
    at async executeOperation (E:\00WebDev\Fork\Tiffin_CRM_app\server\node_modules\mongodb\lib\operations\execute_operation.js:80:16)
    at async AggregationCursor._initialize (E:\00WebDev\Fork\Tiffin_CRM_app\server\node_modules\mongodb\lib\cursor\aggregation_cursor.js:57:26)
    at async AggregationCursor.cursorInit (E:\00WebDev\Fork\Tiffin_CRM_app\server\node_modules\mongodb\lib\cursor\abstract_cursor.js:620:27)
    at async AggregationCursor.fetchBatch (E:\00WebDev\Fork\Tiffin_CRM_app\server\node_modules\mongodb\lib\cursor\abstract_cursor.js:654:13)
    at async AggregationCursor.next (E:\00WebDev\Fork\Tiffin_CRM_app\server\node_modules\mongodb\lib\cursor\abstract_cursor.js:326:17)

[17/03/2026, 08:36:39 pm] getaddrinfo ENOTFOUND ac-lgaj5fg-shard-00-02.0ytrsll.mongodb.net
MongoServerSelectionError: getaddrinfo ENOTFOUND ac-lgaj5fg-shard-00-02.0ytrsll.mongodb.net
    at Topology.selectServer (E:\00WebDev\Fork\Tiffin_CRM_app\server\node_modules\mongodb\lib\sdam\topology.js:346:38)
    at runNextTicks (node:internal/process/task_queues:64:5)
    at listOnTimeout (node:internal/timers:567:9)
    at process.processTimers (node:internal/timers:541:7)
    at async tryOperation (E:\00WebDev\Fork\Tiffin_CRM_app\server\node_modules\mongodb\lib\operations\execute_operation.js:150:18)
    at async executeOperation (E:\00WebDev\Fork\Tiffin_CRM_app\server\node_modules\mongodb\lib\operations\execute_operation.js:80:16)
    at async AggregationCursor._initialize (E:\00WebDev\Fork\Tiffin_CRM_app\server\node_modules\mongodb\lib\cursor\aggregation_cursor.js:57:26)
    at async AggregationCursor.cursorInit (E:\00WebDev\Fork\Tiffin_CRM_app\server\node_modules\mongodb\lib\cursor\abstract_cursor.js:620:27)
    at async AggregationCursor.fetchBatch (E:\00WebDev\Fork\Tiffin_CRM_app\server\node_modules\mongodb\lib\cursor\abstract_cursor.js:654:13)
    at async AggregationCursor.next (E:\00WebDev\Fork\Tiffin_CRM_app\server\node_modules\mongodb\lib\cursor\abstract_cursor.js:326:17)

[17/03/2026, 08:36:39 pm] getaddrinfo ENOTFOUND ac-lgaj5fg-shard-00-02.0ytrsll.mongodb.net
MongoServerSelectionError: getaddrinfo ENOTFOUND ac-lgaj5fg-shard-00-02.0ytrsll.mongodb.net
    at Topology.selectServer (E:\00WebDev\Fork\Tiffin_CRM_app\server\node_modules\mongodb\lib\sdam\topology.js:346:38)
    at runNextTicks (node:internal/process/task_queues:64:5)
    at listOnTimeout (node:internal/timers:567:9)
    at process.processTimers (node:internal/timers:541:7)
    at async tryOperation (E:\00WebDev\Fork\Tiffin_CRM_app\server\node_modules\mongodb\lib\operations\execute_operation.js:150:18)
    at async executeOperation (E:\00WebDev\Fork\Tiffin_CRM_app\server\node_modules\mongodb\lib\operations\execute_operation.js:80:16)
    at async AggregationCursor._initialize (E:\00WebDev\Fork\Tiffin_CRM_app\server\node_modules\mongodb\lib\cursor\aggregation_cursor.js:57:26)
    at async AggregationCursor.cursorInit (E:\00WebDev\Fork\Tiffin_CRM_app\server\node_modules\mongodb\lib\cursor\abstract_cursor.js:620:27)
    at async AggregationCursor.fetchBatch (E:\00WebDev\Fork\Tiffin_CRM_app\server\node_modules\mongodb\lib\cursor\abstract_cursor.js:654:13)
    at async AggregationCursor.next (E:\00WebDev\Fork\Tiffin_CRM_app\server\node_modules\mongodb\lib\cursor\abstract_cursor.js:326:17)

[17/03/2026, 08:37:09 pm] getaddrinfo ENOTFOUND ac-lgaj5fg-shard-00-02.0ytrsll.mongodb.net
MongoServerSelectionError: getaddrinfo ENOTFOUND ac-lgaj5fg-shard-00-02.0ytrsll.mongodb.net
    at Topology.selectServer (E:\00WebDev\Fork\Tiffin_CRM_app\server\node_modules\mongodb\lib\sdam\topology.js:346:38)
    at runNextTicks (node:internal/process/task_queues:64:5)
    at listOnTimeout (node:internal/timers:567:9)
    at process.processTimers (node:internal/timers:541:7)
    at async tryOperation (E:\00WebDev\Fork\Tiffin_CRM_app\server\node_modules\mongodb\lib\operations\execute_operation.js:150:18)
    at async executeOperation (E:\00WebDev\Fork\Tiffin_CRM_app\server\node_modules\mongodb\lib\operations\execute_operation.js:80:16)
    at async AggregationCursor._initialize (E:\00WebDev\Fork\Tiffin_CRM_app\server\node_modules\mongodb\lib\cursor\aggregation_cursor.js:57:26)
    at async AggregationCursor.cursorInit (E:\00WebDev\Fork\Tiffin_CRM_app\server\node_modules\mongodb\lib\cursor\abstract_cursor.js:620:27)
    at async AggregationCursor.fetchBatch (E:\00WebDev\Fork\Tiffin_CRM_app\server\node_modules\mongodb\lib\cursor\abstract_cursor.js:654:13)
    at async AggregationCursor.next (E:\00WebDev\Fork\Tiffin_CRM_app\server\node_modules\mongodb\lib\cursor\abstract_cursor.js:326:17)

[17/03/2026, 08:37:09 pm] getaddrinfo ENOTFOUND ac-lgaj5fg-shard-00-02.0ytrsll.mongodb.net
MongoServerSelectionError: getaddrinfo ENOTFOUND ac-lgaj5fg-shard-00-02.0ytrsll.mongodb.net
    at Topology.selectServer (E:\00WebDev\Fork\Tiffin_CRM_app\server\node_modules\mongodb\lib\sdam\topology.js:346:38)
    at runNextTicks (node:internal/process/task_queues:64:5)
    at listOnTimeout (node:internal/timers:567:9)
    at process.processTimers (node:internal/timers:541:7)
    at async tryOperation (E:\00WebDev\Fork\Tiffin_CRM_app\server\node_modules\mongodb\lib\operations\execute_operation.js:150:18)
    at async executeOperation (E:\00WebDev\Fork\Tiffin_CRM_app\server\node_modules\mongodb\lib\operations\execute_operation.js:80:16)
    at async AggregationCursor._initialize (E:\00WebDev\Fork\Tiffin_CRM_app\server\node_modules\mongodb\lib\cursor\aggregation_cursor.js:57:26)
    at async AggregationCursor.cursorInit (E:\00WebDev\Fork\Tiffin_CRM_app\server\node_modules\mongodb\lib\cursor\abstract_cursor.js:620:27)
    at async AggregationCursor.fetchBatch (E:\00WebDev\Fork\Tiffin_CRM_app\server\node_modules\mongodb\lib\cursor\abstract_cursor.js:654:13)
    at async AggregationCursor.next (E:\00WebDev\Fork\Tiffin_CRM_app\server\node_modules\mongodb\lib\cursor\abstract_cursor.js:326:17)

[17/03/2026, 08:37:39 pm] getaddrinfo ENOTFOUND ac-lgaj5fg-shard-00-02.0ytrsll.mongodb.net
MongoServerSelectionError: getaddrinfo ENOTFOUND ac-lgaj5fg-shard-00-02.0ytrsll.mongodb.net
    at Topology.selectServer (E:\00WebDev\Fork\Tiffin_CRM_app\server\node_modules\mongodb\lib\sdam\topology.js:346:38)
    at runNextTicks (node:internal/process/task_queues:64:5)
    at listOnTimeout (node:internal/timers:567:9)
    at process.processTimers (node:internal/timers:541:7)
    at async tryOperation (E:\00WebDev\Fork\Tiffin_CRM_app\server\node_modules\mongodb\lib\operations\execute_operation.js:150:18)
    at async executeOperation (E:\00WebDev\Fork\Tiffin_CRM_app\server\node_modules\mongodb\lib\operations\execute_operation.js:80:16)
    at async AggregationCursor._initialize (E:\00WebDev\Fork\Tiffin_CRM_app\server\node_modules\mongodb\lib\cursor\aggregation_cursor.js:57:26)
    at async AggregationCursor.cursorInit (E:\00WebDev\Fork\Tiffin_CRM_app\server\node_modules\mongodb\lib\cursor\abstract_cursor.js:620:27)
    at async AggregationCursor.fetchBatch (E:\00WebDev\Fork\Tiffin_CRM_app\server\node_modules\mongodb\lib\cursor\abstract_cursor.js:654:13)
    at async AggregationCursor.next (E:\00WebDev\Fork\Tiffin_CRM_app\server\node_modules\mongodb\lib\cursor\abstract_cursor.js:326:17)

[17/03/2026, 08:37:39 pm] getaddrinfo ENOTFOUND ac-lgaj5fg-shard-00-02.0ytrsll.mongodb.net
MongoServerSelectionError: getaddrinfo ENOTFOUND ac-lgaj5fg-shard-00-02.0ytrsll.mongodb.net
    at Topology.selectServer (E:\00WebDev\Fork\Tiffin_CRM_app\server\node_modules\mongodb\lib\sdam\topology.js:346:38)
    at runNextTicks (node:internal/process/task_queues:64:5)
    at listOnTimeout (node:internal/timers:567:9)
    at process.processTimers (node:internal/timers:541:7)
    at async tryOperation (E:\00WebDev\Fork\Tiffin_CRM_app\server\node_modules\mongodb\lib\operations\execute_operation.js:150:18)
    at async executeOperation (E:\00WebDev\Fork\Tiffin_CRM_app\server\node_modules\mongodb\lib\operations\execute_operation.js:80:16)
    at async AggregationCursor._initialize (E:\00WebDev\Fork\Tiffin_CRM_app\server\node_modules\mongodb\lib\cursor\aggregation_cursor.js:57:26)
    at async AggregationCursor.cursorInit (E:\00WebDev\Fork\Tiffin_CRM_app\server\node_modules\mongodb\lib\cursor\abstract_cursor.js:620:27)
    at async AggregationCursor.fetchBatch (E:\00WebDev\Fork\Tiffin_CRM_app\server\node_modules\mongodb\lib\cursor\abstract_cursor.js:654:13)
    at async AggregationCursor.next (E:\00WebDev\Fork\Tiffin_CRM_app\server\node_modules\mongodb\lib\cursor\abstract_cursor.js:326:17)

[17/03/2026, 08:38:09 pm] getaddrinfo ENOTFOUND ac-lgaj5fg-shard-00-02.0ytrsll.mongodb.net
MongoServerSelectionError: getaddrinfo ENOTFOUND ac-lgaj5fg-shard-00-02.0ytrsll.mongodb.net
    at Topology.selectServer (E:\00WebDev\Fork\Tiffin_CRM_app\server\node_modules\mongodb\lib\sdam\topology.js:346:38)
    at runNextTicks (node:internal/process/task_queues:64:5)
    at listOnTimeout (node:internal/timers:567:9)
    at process.processTimers (node:internal/timers:541:7)
    at async tryOperation (E:\00WebDev\Fork\Tiffin_CRM_app\server\node_modules\mongodb\lib\operations\execute_operation.js:150:18)
    at async executeOperation (E:\00WebDev\Fork\Tiffin_CRM_app\server\node_modules\mongodb\lib\operations\execute_operation.js:80:16)
    at async AggregationCursor._initialize (E:\00WebDev\Fork\Tiffin_CRM_app\server\node_modules\mongodb\lib\cursor\aggregation_cursor.js:57:26)
    at async AggregationCursor.cursorInit (E:\00WebDev\Fork\Tiffin_CRM_app\server\node_modules\mongodb\lib\cursor\abstract_cursor.js:620:27)
    at async AggregationCursor.fetchBatch (E:\00WebDev\Fork\Tiffin_CRM_app\server\node_modules\mongodb\lib\cursor\abstract_cursor.js:654:13)
    at async AggregationCursor.next (E:\00WebDev\Fork\Tiffin_CRM_app\server\node_modules\mongodb\lib\cursor\abstract_cursor.js:326:17)

[17/03/2026, 08:38:09 pm] getaddrinfo ENOTFOUND ac-lgaj5fg-shard-00-02.0ytrsll.mongodb.net
MongoServerSelectionError: getaddrinfo ENOTFOUND ac-lgaj5fg-shard-00-02.0ytrsll.mongodb.net
    at Topology.selectServer (E:\00WebDev\Fork\Tiffin_CRM_app\server\node_modules\mongodb\lib\sdam\topology.js:346:38)
    at runNextTicks (node:internal/process/task_queues:64:5)
    at listOnTimeout (node:internal/timers:567:9)
    at process.processTimers (node:internal/timers:541:7)
    at async tryOperation (E:\00WebDev\Fork\Tiffin_CRM_app\server\node_modules\mongodb\lib\operations\execute_operation.js:150:18)
    at async executeOperation (E:\00WebDev\Fork\Tiffin_CRM_app\server\node_modules\mongodb\lib\operations\execute_operation.js:80:16)
    at async AggregationCursor._initialize (E:\00WebDev\Fork\Tiffin_CRM_app\server\node_modules\mongodb\lib\cursor\aggregation_cursor.js:57:26)
    at async AggregationCursor.cursorInit (E:\00WebDev\Fork\Tiffin_CRM_app\server\node_modules\mongodb\lib\cursor\abstract_cursor.js:620:27)
    at async AggregationCursor.fetchBatch (E:\00WebDev\Fork\Tiffin_CRM_app\server\node_modules\mongodb\lib\cursor\abstract_cursor.js:654:13)
    at async AggregationCursor.next (E:\00WebDev\Fork\Tiffin_CRM_app\server\node_modules\mongodb\lib\cursor\abstract_cursor.js:326:17)

[17/03/2026, 08:38:39 pm] getaddrinfo ENOTFOUND ac-lgaj5fg-shard-00-02.0ytrsll.mongodb.net
MongoServerSelectionError: getaddrinfo ENOTFOUND ac-lgaj5fg-shard-00-02.0ytrsll.mongodb.net
    at Topology.selectServer (E:\00WebDev\Fork\Tiffin_CRM_app\server\node_modules\mongodb\lib\sdam\topology.js:346:38)
    at runNextTicks (node:internal/process/task_queues:64:5)
    at listOnTimeout (node:internal/timers:567:9)
    at process.processTimers (node:internal/timers:541:7)
    at async tryOperation (E:\00WebDev\Fork\Tiffin_CRM_app\server\node_modules\mongodb\lib\operations\execute_operation.js:150:18)
    at async executeOperation (E:\00WebDev\Fork\Tiffin_CRM_app\server\node_modules\mongodb\lib\operations\execute_operation.js:80:16)
    at async AggregationCursor._initialize (E:\00WebDev\Fork\Tiffin_CRM_app\server\node_modules\mongodb\lib\cursor\aggregation_cursor.js:57:26)
    at async AggregationCursor.cursorInit (E:\00WebDev\Fork\Tiffin_CRM_app\server\node_modules\mongodb\lib\cursor\abstract_cursor.js:620:27)
    at async AggregationCursor.fetchBatch (E:\00WebDev\Fork\Tiffin_CRM_app\server\node_modules\mongodb\lib\cursor\abstract_cursor.js:654:13)
    at async AggregationCursor.next (E:\00WebDev\Fork\Tiffin_CRM_app\server\node_modules\mongodb\lib\cursor\abstract_cursor.js:326:17)

[17/03/2026, 08:38:39 pm] getaddrinfo ENOTFOUND ac-lgaj5fg-shard-00-02.0ytrsll.mongodb.net
MongoServerSelectionError: getaddrinfo ENOTFOUND ac-lgaj5fg-shard-00-02.0ytrsll.mongodb.net
    at Topology.selectServer (E:\00WebDev\Fork\Tiffin_CRM_app\server\node_modules\mongodb\lib\sdam\topology.js:346:38)
    at runNextTicks (node:internal/process/task_queues:64:5)
    at listOnTimeout (node:internal/timers:567:9)
    at process.processTimers (node:internal/timers:541:7)
    at async tryOperation (E:\00WebDev\Fork\Tiffin_CRM_app\server\node_modules\mongodb\lib\operations\execute_operation.js:150:18)
    at async executeOperation (E:\00WebDev\Fork\Tiffin_CRM_app\server\node_modules\mongodb\lib\operations\execute_operation.js:80:16)
    at async AggregationCursor._initialize (E:\00WebDev\Fork\Tiffin_CRM_app\server\node_modules\mongodb\lib\cursor\aggregation_cursor.js:57:26)
    at async AggregationCursor.cursorInit (E:\00WebDev\Fork\Tiffin_CRM_app\server\node_modules\mongodb\lib\cursor\abstract_cursor.js:620:27)
    at async AggregationCursor.fetchBatch (E:\00WebDev\Fork\Tiffin_CRM_app\server\node_modules\mongodb\lib\cursor\abstract_cursor.js:654:13)
    at async AggregationCursor.next (E:\00WebDev\Fork\Tiffin_CRM_app\server\node_modules\mongodb\lib\cursor\abstract_cursor.js:326:17)

[17/03/2026, 08:39:09 pm] getaddrinfo ENOTFOUND ac-lgaj5fg-shard-00-02.0ytrsll.mongodb.net
MongoServerSelectionError: getaddrinfo ENOTFOUND ac-lgaj5fg-shard-00-02.0ytrsll.mongodb.net
    at Topology.selectServer (E:\00WebDev\Fork\Tiffin_CRM_app\server\node_modules\mongodb\lib\sdam\topology.js:346:38)
    at runNextTicks (node:internal/process/task_queues:64:5)
    at listOnTimeout (node:internal/timers:567:9)
    at process.processTimers (node:internal/timers:541:7)
    at async tryOperation (E:\00WebDev\Fork\Tiffin_CRM_app\server\node_modules\mongodb\lib\operations\execute_operation.js:150:18)
    at async executeOperation (E:\00WebDev\Fork\Tiffin_CRM_app\server\node_modules\mongodb\lib\operations\execute_operation.js:80:16)
    at async AggregationCursor._initialize (E:\00WebDev\Fork\Tiffin_CRM_app\server\node_modules\mongodb\lib\cursor\aggregation_cursor.js:57:26)
    at async AggregationCursor.cursorInit (E:\00WebDev\Fork\Tiffin_CRM_app\server\node_modules\mongodb\lib\cursor\abstract_cursor.js:620:27)
    at async AggregationCursor.fetchBatch (E:\00WebDev\Fork\Tiffin_CRM_app\server\node_modules\mongodb\lib\cursor\abstract_cursor.js:654:13)
    at async AggregationCursor.next (E:\00WebDev\Fork\Tiffin_CRM_app\server\node_modules\mongodb\lib\cursor\abstract_cursor.js:326:17)

[17/03/2026, 08:39:09 pm] getaddrinfo ENOTFOUND ac-lgaj5fg-shard-00-02.0ytrsll.mongodb.net
MongoServerSelectionError: getaddrinfo ENOTFOUND ac-lgaj5fg-shard-00-02.0ytrsll.mongodb.net
    at Topology.selectServer (E:\00WebDev\Fork\Tiffin_CRM_app\server\node_modules\mongodb\lib\sdam\topology.js:346:38)
    at runNextTicks (node:internal/process/task_queues:64:5)
    at listOnTimeout (node:internal/timers:567:9)
    at process.processTimers (node:internal/timers:541:7)
    at async tryOperation (E:\00WebDev\Fork\Tiffin_CRM_app\server\node_modules\mongodb\lib\operations\execute_operation.js:150:18)
    at async executeOperation (E:\00WebDev\Fork\Tiffin_CRM_app\server\node_modules\mongodb\lib\operations\execute_operation.js:80:16)
    at async AggregationCursor._initialize (E:\00WebDev\Fork\Tiffin_CRM_app\server\node_modules\mongodb\lib\cursor\aggregation_cursor.js:57:26)
    at async AggregationCursor.cursorInit (E:\00WebDev\Fork\Tiffin_CRM_app\server\node_modules\mongodb\lib\cursor\abstract_cursor.js:620:27)
    at async AggregationCursor.fetchBatch (E:\00WebDev\Fork\Tiffin_CRM_app\server\node_modules\mongodb\lib\cursor\abstract_cursor.js:654:13)
    at async AggregationCursor.next (E:\00WebDev\Fork\Tiffin_CRM_app\server\node_modules\mongodb\lib\cursor\abstract_cursor.js:326:17)

[17/03/2026, 08:39:39 pm] getaddrinfo ENOTFOUND ac-lgaj5fg-shard-00-02.0ytrsll.mongodb.net
MongoServerSelectionError: getaddrinfo ENOTFOUND ac-lgaj5fg-shard-00-02.0ytrsll.mongodb.net
    at Topology.selectServer (E:\00WebDev\Fork\Tiffin_CRM_app\server\node_modules\mongodb\lib\sdam\topology.js:346:38)
    at runNextTicks (node:internal/process/task_queues:64:5)
    at listOnTimeout (node:internal/timers:567:9)
    at process.processTimers (node:internal/timers:541:7)
    at async tryOperation (E:\00WebDev\Fork\Tiffin_CRM_app\server\node_modules\mongodb\lib\operations\execute_operation.js:150:18)
    at async executeOperation (E:\00WebDev\Fork\Tiffin_CRM_app\server\node_modules\mongodb\lib\operations\execute_operation.js:80:16)
    at async AggregationCursor._initialize (E:\00WebDev\Fork\Tiffin_CRM_app\server\node_modules\mongodb\lib\cursor\aggregation_cursor.js:57:26)
    at async AggregationCursor.cursorInit (E:\00WebDev\Fork\Tiffin_CRM_app\server\node_modules\mongodb\lib\cursor\abstract_cursor.js:620:27)
    at async AggregationCursor.fetchBatch (E:\00WebDev\Fork\Tiffin_CRM_app\server\node_modules\mongodb\lib\cursor\abstract_cursor.js:654:13)
    at async AggregationCursor.next (E:\00WebDev\Fork\Tiffin_CRM_app\server\node_modules\mongodb\lib\cursor\abstract_cursor.js:326:17)

[17/03/2026, 08:39:39 pm] getaddrinfo ENOTFOUND ac-lgaj5fg-shard-00-02.0ytrsll.mongodb.net
MongoServerSelectionError: getaddrinfo ENOTFOUND ac-lgaj5fg-shard-00-02.0ytrsll.mongodb.net
    at Topology.selectServer (E:\00WebDev\Fork\Tiffin_CRM_app\server\node_modules\mongodb\lib\sdam\topology.js:346:38)
    at async tryOperation (E:\00WebDev\Fork\Tiffin_CRM_app\server\node_modules\mongodb\lib\operations\execute_operation.js:150:18)
    at async executeOperation (E:\00WebDev\Fork\Tiffin_CRM_app\server\node_modules\mongodb\lib\operations\execute_operation.js:80:16)
    at async AggregationCursor._initialize (E:\00WebDev\Fork\Tiffin_CRM_app\server\node_modules\mongodb\lib\cursor\aggregation_cursor.js:57:26)
    at async AggregationCursor.cursorInit (E:\00WebDev\Fork\Tiffin_CRM_app\server\node_modules\mongodb\lib\cursor\abstract_cursor.js:620:27)
    at async AggregationCursor.fetchBatch (E:\00WebDev\Fork\Tiffin_CRM_app\server\node_modules\mongodb\lib\cursor\abstract_cursor.js:654:13)
    at async AggregationCursor.next (E:\00WebDev\Fork\Tiffin_CRM_app\server\node_modules\mongodb\lib\cursor\abstract_cursor.js:326:17)
    at async Collection.countDocuments (E:\00WebDev\Fork\Tiffin_CRM_app\server\node_modules\mongodb\lib\collection.js:521:21)
    at async model.Query.exec (E:\00WebDev\Fork\Tiffin_CRM_app\server\node_modules\mongoose\lib\query.js:4687:63)
    at async Promise.all (index 1)

[17/03/2026, 08:40:09 pm] getaddrinfo ENOTFOUND ac-lgaj5fg-shard-00-02.0ytrsll.mongodb.net
MongoServerSelectionError: getaddrinfo ENOTFOUND ac-lgaj5fg-shard-00-02.0ytrsll.mongodb.net
    at Topology.selectServer (E:\00WebDev\Fork\Tiffin_CRM_app\server\node_modules\mongodb\lib\sdam\topology.js:346:38)
    at runNextTicks (node:internal/process/task_queues:64:5)
    at listOnTimeout (node:internal/timers:567:9)
    at process.processTimers (node:internal/timers:541:7)
    at async tryOperation (E:\00WebDev\Fork\Tiffin_CRM_app\server\node_modules\mongodb\lib\operations\execute_operation.js:150:18)
    at async executeOperation (E:\00WebDev\Fork\Tiffin_CRM_app\server\node_modules\mongodb\lib\operations\execute_operation.js:80:16)
    at async AggregationCursor._initialize (E:\00WebDev\Fork\Tiffin_CRM_app\server\node_modules\mongodb\lib\cursor\aggregation_cursor.js:57:26)
    at async AggregationCursor.cursorInit (E:\00WebDev\Fork\Tiffin_CRM_app\server\node_modules\mongodb\lib\cursor\abstract_cursor.js:620:27)
    at async AggregationCursor.fetchBatch (E:\00WebDev\Fork\Tiffin_CRM_app\server\node_modules\mongodb\lib\cursor\abstract_cursor.js:654:13)
    at async AggregationCursor.next (E:\00WebDev\Fork\Tiffin_CRM_app\server\node_modules\mongodb\lib\cursor\abstract_cursor.js:326:17)

[17/03/2026, 08:40:09 pm] getaddrinfo ENOTFOUND ac-lgaj5fg-shard-00-02.0ytrsll.mongodb.net
MongoServerSelectionError: getaddrinfo ENOTFOUND ac-lgaj5fg-shard-00-02.0ytrsll.mongodb.net
    at Topology.selectServer (E:\00WebDev\Fork\Tiffin_CRM_app\server\node_modules\mongodb\lib\sdam\topology.js:346:38)
    at runNextTicks (node:internal/process/task_queues:64:5)
    at listOnTimeout (node:internal/timers:567:9)
    at process.processTimers (node:internal/timers:541:7)
    at async tryOperation (E:\00WebDev\Fork\Tiffin_CRM_app\server\node_modules\mongodb\lib\operations\execute_operation.js:150:18)
    at async executeOperation (E:\00WebDev\Fork\Tiffin_CRM_app\server\node_modules\mongodb\lib\operations\execute_operation.js:80:16)
    at async AggregationCursor._initialize (E:\00WebDev\Fork\Tiffin_CRM_app\server\node_modules\mongodb\lib\cursor\aggregation_cursor.js:57:26)
    at async AggregationCursor.cursorInit (E:\00WebDev\Fork\Tiffin_CRM_app\server\node_modules\mongodb\lib\cursor\abstract_cursor.js:620:27)
    at async AggregationCursor.fetchBatch (E:\00WebDev\Fork\Tiffin_CRM_app\server\node_modules\mongodb\lib\cursor\abstract_cursor.js:654:13)
    at async AggregationCursor.next (E:\00WebDev\Fork\Tiffin_CRM_app\server\node_modules\mongodb\lib\cursor\abstract_cursor.js:326:17)

[17/03/2026, 08:40:39 pm] getaddrinfo ENOTFOUND ac-lgaj5fg-shard-00-02.0ytrsll.mongodb.net
MongoServerSelectionError: getaddrinfo ENOTFOUND ac-lgaj5fg-shard-00-02.0ytrsll.mongodb.net
    at Topology.selectServer (E:\00WebDev\Fork\Tiffin_CRM_app\server\node_modules\mongodb\lib\sdam\topology.js:346:38)
    at runNextTicks (node:internal/process/task_queues:64:5)
    at listOnTimeout (node:internal/timers:567:9)
    at process.processTimers (node:internal/timers:541:7)
    at async tryOperation (E:\00WebDev\Fork\Tiffin_CRM_app\server\node_modules\mongodb\lib\operations\execute_operation.js:150:18)
    at async executeOperation (E:\00WebDev\Fork\Tiffin_CRM_app\server\node_modules\mongodb\lib\operations\execute_operation.js:80:16)
    at async AggregationCursor._initialize (E:\00WebDev\Fork\Tiffin_CRM_app\server\node_modules\mongodb\lib\cursor\aggregation_cursor.js:57:26)
    at async AggregationCursor.cursorInit (E:\00WebDev\Fork\Tiffin_CRM_app\server\node_modules\mongodb\lib\cursor\abstract_cursor.js:620:27)
    at async AggregationCursor.fetchBatch (E:\00WebDev\Fork\Tiffin_CRM_app\server\node_modules\mongodb\lib\cursor\abstract_cursor.js:654:13)
    at async AggregationCursor.next (E:\00WebDev\Fork\Tiffin_CRM_app\server\node_modules\mongodb\lib\cursor\abstract_cursor.js:326:17)

[17/03/2026, 08:40:39 pm] getaddrinfo ENOTFOUND ac-lgaj5fg-shard-00-02.0ytrsll.mongodb.net
MongoServerSelectionError: getaddrinfo ENOTFOUND ac-lgaj5fg-shard-00-02.0ytrsll.mongodb.net
    at Topology.selectServer (E:\00WebDev\Fork\Tiffin_CRM_app\server\node_modules\mongodb\lib\sdam\topology.js:346:38)
    at runNextTicks (node:internal/process/task_queues:64:5)
    at listOnTimeout (node:internal/timers:567:9)
    at process.processTimers (node:internal/timers:541:7)
    at async tryOperation (E:\00WebDev\Fork\Tiffin_CRM_app\server\node_modules\mongodb\lib\operations\execute_operation.js:150:18)
    at async executeOperation (E:\00WebDev\Fork\Tiffin_CRM_app\server\node_modules\mongodb\lib\operations\execute_operation.js:80:16)
    at async AggregationCursor._initialize (E:\00WebDev\Fork\Tiffin_CRM_app\server\node_modules\mongodb\lib\cursor\aggregation_cursor.js:57:26)
    at async AggregationCursor.cursorInit (E:\00WebDev\Fork\Tiffin_CRM_app\server\node_modules\mongodb\lib\cursor\abstract_cursor.js:620:27)
    at async AggregationCursor.fetchBatch (E:\00WebDev\Fork\Tiffin_CRM_app\server\node_modules\mongodb\lib\cursor\abstract_cursor.js:654:13)
    at async AggregationCursor.next (E:\00WebDev\Fork\Tiffin_CRM_app\server\node_modules\mongodb\lib\cursor\abstract_cursor.js:326:17)

[17/03/2026, 08:41:09 pm] getaddrinfo ENOTFOUND ac-lgaj5fg-shard-00-02.0ytrsll.mongodb.net
MongoServerSelectionError: getaddrinfo ENOTFOUND ac-lgaj5fg-shard-00-02.0ytrsll.mongodb.net
    at Topology.selectServer (E:\00WebDev\Fork\Tiffin_CRM_app\server\node_modules\mongodb\lib\sdam\topology.js:346:38)
    at runNextTicks (node:internal/process/task_queues:64:5)
    at listOnTimeout (node:internal/timers:567:9)
    at process.processTimers (node:internal/timers:541:7)
    at async tryOperation (E:\00WebDev\Fork\Tiffin_CRM_app\server\node_modules\mongodb\lib\operations\execute_operation.js:150:18)
    at async executeOperation (E:\00WebDev\Fork\Tiffin_CRM_app\server\node_modules\mongodb\lib\operations\execute_operation.js:80:16)
    at async AggregationCursor._initialize (E:\00WebDev\Fork\Tiffin_CRM_app\server\node_modules\mongodb\lib\cursor\aggregation_cursor.js:57:26)
    at async AggregationCursor.cursorInit (E:\00WebDev\Fork\Tiffin_CRM_app\server\node_modules\mongodb\lib\cursor\abstract_cursor.js:620:27)
    at async AggregationCursor.fetchBatch (E:\00WebDev\Fork\Tiffin_CRM_app\server\node_modules\mongodb\lib\cursor\abstract_cursor.js:654:13)
    at async AggregationCursor.next (E:\00WebDev\Fork\Tiffin_CRM_app\server\node_modules\mongodb\lib\cursor\abstract_cursor.js:326:17)

[17/03/2026, 08:41:09 pm] getaddrinfo ENOTFOUND ac-lgaj5fg-shard-00-02.0ytrsll.mongodb.net
MongoServerSelectionError: getaddrinfo ENOTFOUND ac-lgaj5fg-shard-00-02.0ytrsll.mongodb.net
    at Topology.selectServer (E:\00WebDev\Fork\Tiffin_CRM_app\server\node_modules\mongodb\lib\sdam\topology.js:346:38)
    at runNextTicks (node:internal/process/task_queues:64:5)
    at listOnTimeout (node:internal/timers:567:9)
    at process.processTimers (node:internal/timers:541:7)
    at async tryOperation (E:\00WebDev\Fork\Tiffin_CRM_app\server\node_modules\mongodb\lib\operations\execute_operation.js:150:18)
    at async executeOperation (E:\00WebDev\Fork\Tiffin_CRM_app\server\node_modules\mongodb\lib\operations\execute_operation.js:80:16)
    at async AggregationCursor._initialize (E:\00WebDev\Fork\Tiffin_CRM_app\server\node_modules\mongodb\lib\cursor\aggregation_cursor.js:57:26)
    at async AggregationCursor.cursorInit (E:\00WebDev\Fork\Tiffin_CRM_app\server\node_modules\mongodb\lib\cursor\abstract_cursor.js:620:27)
    at async AggregationCursor.fetchBatch (E:\00WebDev\Fork\Tiffin_CRM_app\server\node_modules\mongodb\lib\cursor\abstract_cursor.js:654:13)
    at async AggregationCursor.next (E:\00WebDev\Fork\Tiffin_CRM_app\server\node_modules\mongodb\lib\cursor\abstract_cursor.js:326:17)

[17/03/2026, 08:41:39 pm] getaddrinfo ENOTFOUND ac-lgaj5fg-shard-00-02.0ytrsll.mongodb.net
MongoServerSelectionError: getaddrinfo ENOTFOUND ac-lgaj5fg-shard-00-02.0ytrsll.mongodb.net
    at Topology.selectServer (E:\00WebDev\Fork\Tiffin_CRM_app\server\node_modules\mongodb\lib\sdam\topology.js:346:38)
    at runNextTicks (node:internal/process/task_queues:64:5)
    at listOnTimeout (node:internal/timers:567:9)
    at process.processTimers (node:internal/timers:541:7)
    at async tryOperation (E:\00WebDev\Fork\Tiffin_CRM_app\server\node_modules\mongodb\lib\operations\execute_operation.js:150:18)
    at async executeOperation (E:\00WebDev\Fork\Tiffin_CRM_app\server\node_modules\mongodb\lib\operations\execute_operation.js:80:16)
    at async AggregationCursor._initialize (E:\00WebDev\Fork\Tiffin_CRM_app\server\node_modules\mongodb\lib\cursor\aggregation_cursor.js:57:26)
    at async AggregationCursor.cursorInit (E:\00WebDev\Fork\Tiffin_CRM_app\server\node_modules\mongodb\lib\cursor\abstract_cursor.js:620:27)
    at async AggregationCursor.fetchBatch (E:\00WebDev\Fork\Tiffin_CRM_app\server\node_modules\mongodb\lib\cursor\abstract_cursor.js:654:13)
    at async AggregationCursor.next (E:\00WebDev\Fork\Tiffin_CRM_app\server\node_modules\mongodb\lib\cursor\abstract_cursor.js:326:17)

[17/03/2026, 08:41:39 pm] getaddrinfo ENOTFOUND ac-lgaj5fg-shard-00-02.0ytrsll.mongodb.net
MongoServerSelectionError: getaddrinfo ENOTFOUND ac-lgaj5fg-shard-00-02.0ytrsll.mongodb.net
    at Topology.selectServer (E:\00WebDev\Fork\Tiffin_CRM_app\server\node_modules\mongodb\lib\sdam\topology.js:346:38)
    at runNextTicks (node:internal/process/task_queues:64:5)
    at listOnTimeout (node:internal/timers:567:9)
    at process.processTimers (node:internal/timers:541:7)
    at async tryOperation (E:\00WebDev\Fork\Tiffin_CRM_app\server\node_modules\mongodb\lib\operations\execute_operation.js:150:18)
    at async executeOperation (E:\00WebDev\Fork\Tiffin_CRM_app\server\node_modules\mongodb\lib\operations\execute_operation.js:80:16)
    at async AggregationCursor._initialize (E:\00WebDev\Fork\Tiffin_CRM_app\server\node_modules\mongodb\lib\cursor\aggregation_cursor.js:57:26)
    at async AggregationCursor.cursorInit (E:\00WebDev\Fork\Tiffin_CRM_app\server\node_modules\mongodb\lib\cursor\abstract_cursor.js:620:27)
    at async AggregationCursor.fetchBatch (E:\00WebDev\Fork\Tiffin_CRM_app\server\node_modules\mongodb\lib\cursor\abstract_cursor.js:654:13)
    at async AggregationCursor.next (E:\00WebDev\Fork\Tiffin_CRM_app\server\node_modules\mongodb\lib\cursor\abstract_cursor.js:326:17)

